Using pre-set license
Built from '2020.3/staging' branch; Version is '2020.3.21f1 (a38c86f6690f) revision 10718342'; Using compiler version '192528614'; Build Type 'Release'
OS: 'Windows 10 Pro; OS build 19042.1348; Version 2009; 64bit' Language: 'en' Physical Memory: 16179 MB
BatchMode: 1, IsHumanControllingUs: 0, StartBugReporterOnCrash: 0, Is64bit: 1, IsPro: 0

COMMAND LINE ARGUMENTS:
C:\Program Files\Unity\Hub\Editor\2020.3.21f1\Editor\Unity.exe
-adb2
-batchMode
-noUpm
-name
AssetImportWorker0
-projectPath
C:/Users/User/Coding Practice/Unity Projects/Fuller_Nov_Game_Jam
-logFile
Logs/AssetImportWorker0.log
-srvPort
61019
Successfully changed project path to: C:/Users/User/Coding Practice/Unity Projects/Fuller_Nov_Game_Jam
C:/Users/User/Coding Practice/Unity Projects/Fuller_Nov_Game_Jam
Using Asset Import Pipeline V2.
Refreshing native plugins compatible for Editor in 71.64 ms, found 3 plugins.
Preloading 0 native plugins for Editor in 0.00 ms.
Initialize engine version: 2020.3.21f1 (a38c86f6690f)
[Subsystems] Discovering subsystems at path C:/Program Files/Unity/Hub/Editor/2020.3.21f1/Editor/Data/Resources/UnitySubsystems
[Subsystems] Discovering subsystems at path C:/Users/User/Coding Practice/Unity Projects/Fuller_Nov_Game_Jam/Assets
GfxDevice: creating device client; threaded=0
Direct3D:
    Version:  Direct3D 11.0 [level 11.1]
    Renderer: Intel(R) HD Graphics 520 (ID=0x1916)
    Vendor:   
    VRAM:     8089 MB
    Driver:   26.20.100.8142
Initialize mono
Mono path[0] = 'C:/Program Files/Unity/Hub/Editor/2020.3.21f1/Editor/Data/Managed'
Mono path[1] = 'C:/Program Files/Unity/Hub/Editor/2020.3.21f1/Editor/Data/MonoBleedingEdge/lib/mono/unityjit'
Mono config path = 'C:/Program Files/Unity/Hub/Editor/2020.3.21f1/Editor/Data/MonoBleedingEdge/etc'
Using monoOptions --debugger-agent=transport=dt_socket,embedding=1,server=y,suspend=n,address=127.0.0.1:56632
Begin MonoManager ReloadAssembly
Registering precompiled unity dll's ...
Register platform support module: C:/Program Files/Unity/Hub/Editor/2020.3.21f1/Editor/Data/PlaybackEngines/WebGLSupport/UnityEditor.WebGL.Extensions.dll
Register platform support module: C:/Program Files/Unity/Hub/Editor/2020.3.21f1/Editor/Data/PlaybackEngines/WindowsStandaloneSupport/UnityEditor.WindowsStandalone.Extensions.dll
Registered in 0.002918 seconds.
Native extension for WindowsStandalone target not found
Native extension for WebGL target not found
Refreshing native plugins compatible for Editor in 63.60 ms, found 3 plugins.
Preloading 0 native plugins for Editor in 0.00 ms.
Mono: successfully reloaded assembly
- Completed reload, in  2.383 seconds
Domain Reload Profiling:
	ReloadAssembly (2383ms)
		BeginReloadAssembly (135ms)
			ExecutionOrderSort (0ms)
			DisableScriptedObjects (0ms)
			BackupInstance (0ms)
			ReleaseScriptingObjects (0ms)
			CreateAndSetChildDomain (1ms)
		EndReloadAssembly (984ms)
			LoadAssemblies (134ms)
			RebuildTransferFunctionScriptingTraits (0ms)
			SetupTypeCache (294ms)
			ReleaseScriptCaches (0ms)
			RebuildScriptCaches (71ms)
			SetupLoadedEditorAssemblies (445ms)
				LogAssemblyErrors (0ms)
				InitializePlatformSupportModulesInManaged (6ms)
				SetLoadedEditorAssemblies (0ms)
				RefreshPlugins (64ms)
				BeforeProcessingInitializeOnLoad (75ms)
				ProcessInitializeOnLoadAttributes (112ms)
				ProcessInitializeOnLoadMethodAttributes (188ms)
				AfterProcessingInitializeOnLoad (0ms)
				EditorAssembliesLoaded (0ms)
			ExecutionOrderSort2 (0ms)
			AwakeInstancesAfterBackupRestoration (0ms)
Platform modules already initialized, skipping
Registering precompiled user dll's ...
Registered in 0.008216 seconds.
Begin MonoManager ReloadAssembly
Native extension for WindowsStandalone target not found
Native extension for WebGL target not found
Refreshing native plugins compatible for Editor in 60.98 ms, found 3 plugins.
Preloading 0 native plugins for Editor in 0.00 ms.
Mono: successfully reloaded assembly
- Completed reload, in  1.969 seconds
Domain Reload Profiling:
	ReloadAssembly (1970ms)
		BeginReloadAssembly (220ms)
			ExecutionOrderSort (0ms)
			DisableScriptedObjects (6ms)
			BackupInstance (0ms)
			ReleaseScriptingObjects (0ms)
			CreateAndSetChildDomain (25ms)
		EndReloadAssembly (1604ms)
			LoadAssemblies (155ms)
			RebuildTransferFunctionScriptingTraits (0ms)
			SetupTypeCache (536ms)
			ReleaseScriptCaches (0ms)
			RebuildScriptCaches (122ms)
			SetupLoadedEditorAssemblies (542ms)
				LogAssemblyErrors (0ms)
				InitializePlatformSupportModulesInManaged (7ms)
				SetLoadedEditorAssemblies (0ms)
				RefreshPlugins (61ms)
				BeforeProcessingInitializeOnLoad (105ms)
				ProcessInitializeOnLoadAttributes (338ms)
				ProcessInitializeOnLoadMethodAttributes (22ms)
				AfterProcessingInitializeOnLoad (9ms)
				EditorAssembliesLoaded (0ms)
			ExecutionOrderSort2 (0ms)
			AwakeInstancesAfterBackupRestoration (9ms)
Platform modules already initialized, skipping
========================================================================
Worker process is ready to serve import requests
Launched and connected shader compiler UnityShaderCompiler.exe after 0.15 seconds
Refreshing native plugins compatible for Editor in 0.55 ms, found 3 plugins.
Preloading 0 native plugins for Editor in 0.00 ms.
Unloading 2241 Unused Serialized files (Serialized files now loaded: 0)
System memory in use before: 100.0 MB.
System memory in use after: 100.1 MB.

Unloading 28 unused Assets to reduce memory usage. Loaded Objects now: 2680.
Total: 5.723400 ms (FindLiveObjects: 0.328400 ms CreateObjectMapping: 0.179900 ms MarkObjects: 5.113500 ms  DeleteObjects: 0.099300 ms)

AssetImportParameters requested are different than current active one (requested -> active):
  custom:framework-win-MediaFoundation: 216162199b28c13a410421893ffa2e32 -> 
  custom:video-decoder-ogg-theora: a1e56fd34408186e4bbccfd4996cb3dc -> 
  custom:container-muxer-webm: aa71ff27fc2769a1b78a27578f13a17b -> 
  custom:container-demuxer-webm: 4f35f7cbe854078d1ac9338744f61a02 -> 
  custom:container-demuxer-ogg: 62fdf1f143b41e24485cea50d1cbac27 -> 
  custom:video-encoder-webm-vp8: eb34c28f22e8b96e1ab97ce403110664 -> 
  custom:video-decoder-webm-vp8: 9c59270c3fd7afecdb556c50c9e8de78 -> 
  custom:audio-decoder-ogg-vorbis: bf7c407c2cedff20999df2af8eb42d56 -> 
  custom:audio-encoder-webm-vorbis: bf7c407c2cedff20999df2af8eb42d56 -> 
========================================================================
Received Import Request.
  path: Assets/Prefabs/Resistor Variant.prefab
  artifactKey: Guid(26d44cb5a2e488748961d6371643ca3d) Importer(815301076,1909f56bfc062723c751e8b465ee728b)
Start importing Assets/Prefabs/Resistor Variant.prefab using Guid(26d44cb5a2e488748961d6371643ca3d) Importer(815301076,1909f56bfc062723c751e8b465ee728b)  -> (artifact id: '6b94bd3c8e730dc393f4416e1d22853b') in 0.137502 seconds 
  Import took 0.142993 seconds .

========================================================================
Received Import Request.
  Time since last request: 0.000414 seconds.
  path: Assets/Prefabs/GameBorders.prefab
  artifactKey: Guid(21b09fdce9d053a41a89959a3fed02bf) Importer(815301076,1909f56bfc062723c751e8b465ee728b)
Start importing Assets/Prefabs/GameBorders.prefab using Guid(21b09fdce9d053a41a89959a3fed02bf) Importer(815301076,1909f56bfc062723c751e8b465ee728b)  -> (artifact id: 'f8734fb29cc4ed4b2b85cdcdf347c6ef') in 0.036503 seconds 
  Import took 0.043065 seconds .

========================================================================
Received Import Request.
  Time since last request: 0.000252 seconds.
  path: Assets/Prefabs/LevelBase.prefab
  artifactKey: Guid(b97f41c9df6106548b25a39905c30842) Importer(815301076,1909f56bfc062723c751e8b465ee728b)
Start importing Assets/Prefabs/LevelBase.prefab using Guid(b97f41c9df6106548b25a39905c30842) Importer(815301076,1909f56bfc062723c751e8b465ee728b)  -> (artifact id: 'd1ef3ed6b37ee0c362c508c97e014420') in 0.143514 seconds 
  Import took 0.148634 seconds .

========================================================================
Received Import Request.
  Time since last request: 0.000566 seconds.
  path: Assets/Prefabs/Player.prefab
  artifactKey: Guid(407c22b1b88f469499de0df53d243de4) Importer(815301076,1909f56bfc062723c751e8b465ee728b)
Start importing Assets/Prefabs/Player.prefab using Guid(407c22b1b88f469499de0df53d243de4) Importer(815301076,1909f56bfc062723c751e8b465ee728b)  -> (artifact id: 'e4794131707f9ed19a9222736e78b5ec') in 0.038835 seconds 
  Import took 0.046835 seconds .

========================================================================
Received Import Request.
  Time since last request: 0.000475 seconds.
  path: Assets/Prefabs/Door.prefab
  artifactKey: Guid(c773c70937c3ca549adb0ebb3ef35a04) Importer(815301076,1909f56bfc062723c751e8b465ee728b)
Start importing Assets/Prefabs/Door.prefab using Guid(c773c70937c3ca549adb0ebb3ef35a04) Importer(815301076,1909f56bfc062723c751e8b465ee728b)  -> (artifact id: '30150a492a32e06e3e26ee4f53794bab') in 0.068998 seconds 
  Import took 0.079244 seconds .

========================================================================
Received Import Request.
  Time since last request: 0.000278 seconds.
  path: Assets/Prefabs/Transistor Variant.prefab
  artifactKey: Guid(ee1175d2fbd08eb4d926fb8c2e2675af) Importer(815301076,1909f56bfc062723c751e8b465ee728b)
Start importing Assets/Prefabs/Transistor Variant.prefab using Guid(ee1175d2fbd08eb4d926fb8c2e2675af) Importer(815301076,1909f56bfc062723c751e8b465ee728b)  -> (artifact id: 'b1b1c4d56827479715012964bc841ddd') in 0.037585 seconds 
  Import took 0.046516 seconds .

========================================================================
Received Import Request.
  Time since last request: 0.000527 seconds.
  path: Assets/Prefabs/DoorExit.prefab
  artifactKey: Guid(cfc5ffdda3b11a646adde0914afee850) Importer(815301076,1909f56bfc062723c751e8b465ee728b)
Start importing Assets/Prefabs/DoorExit.prefab using Guid(cfc5ffdda3b11a646adde0914afee850) Importer(815301076,1909f56bfc062723c751e8b465ee728b)  -> (artifact id: '64ab90337e8475f9ee7595ec468aebf4') in 0.070002 seconds 
  Import took 0.083836 seconds .

========================================================================
Received Import Request.
  Time since last request: 0.000338 seconds.
  path: Assets/Prefabs/FloatingBox.prefab
  artifactKey: Guid(c3771a2862ebd144190ee97a057a8e68) Importer(815301076,1909f56bfc062723c751e8b465ee728b)
Start importing Assets/Prefabs/FloatingBox.prefab using Guid(c3771a2862ebd144190ee97a057a8e68) Importer(815301076,1909f56bfc062723c751e8b465ee728b)  -> (artifact id: '7e1918fa6275a235b3ac0b98e9d66477') in 0.063767 seconds 
  Import took 0.070831 seconds .

========================================================================
Received Import Request.
  Time since last request: 0.000250 seconds.
  path: Assets/Prefabs/BitPad8 Variant.prefab
  artifactKey: Guid(e2453076d2cd62740ab47f905d51ea44) Importer(815301076,1909f56bfc062723c751e8b465ee728b)
Start importing Assets/Prefabs/BitPad8 Variant.prefab using Guid(e2453076d2cd62740ab47f905d51ea44) Importer(815301076,1909f56bfc062723c751e8b465ee728b)  -> (artifact id: '00adb090251dab3fa43b07a5e3b9c8ed') in 0.048414 seconds 
  Import took 0.055670 seconds .

========================================================================
Received Import Request.
  Time since last request: 0.000307 seconds.
  path: Assets/Prefabs/Circle.prefab
  artifactKey: Guid(2b07d923599e0204f94ad8dc67df5fbc) Importer(815301076,1909f56bfc062723c751e8b465ee728b)
Start importing Assets/Prefabs/Circle.prefab using Guid(2b07d923599e0204f94ad8dc67df5fbc) Importer(815301076,1909f56bfc062723c751e8b465ee728b)  -> (artifact id: '5983f25aaffb322155ee4cdd80a6036b') in 0.041130 seconds 
  Import took 0.048210 seconds .

========================================================================
Received Import Request.
  Time since last request: 0.000321 seconds.
  path: Assets/Prefabs/PlatformMed.prefab
  artifactKey: Guid(93ec83d190e4ba1488ae82cc1ea8700a) Importer(815301076,1909f56bfc062723c751e8b465ee728b)
Start importing Assets/Prefabs/PlatformMed.prefab using Guid(93ec83d190e4ba1488ae82cc1ea8700a) Importer(815301076,1909f56bfc062723c751e8b465ee728b)  -> (artifact id: '539d900d33db8612b29d1f031bd7f016') in 0.025884 seconds 
  Import took 0.031503 seconds .

========================================================================
Received Import Request.
  Time since last request: 0.000246 seconds.
  path: Assets/Prefabs/WallTriggered Variant Binary.prefab
  artifactKey: Guid(f41ccc1369dbf8547b74c06c1ba3ea3f) Importer(815301076,1909f56bfc062723c751e8b465ee728b)
Start importing Assets/Prefabs/WallTriggered Variant Binary.prefab using Guid(f41ccc1369dbf8547b74c06c1ba3ea3f) Importer(815301076,1909f56bfc062723c751e8b465ee728b)  -> (artifact id: '640cc022445c079bd963c1a34d4eebfa') in 0.083790 seconds 
  Import took 0.100105 seconds .

========================================================================
Received Import Request.
  Time since last request: 0.000355 seconds.
  path: Assets/Prefabs/Main Camera.prefab
  artifactKey: Guid(c1b0db07cef2f554badb4e816f5ea079) Importer(815301076,1909f56bfc062723c751e8b465ee728b)
Start importing Assets/Prefabs/Main Camera.prefab using Guid(c1b0db07cef2f554badb4e816f5ea079) Importer(815301076,1909f56bfc062723c751e8b465ee728b)  -> (artifact id: '7f0ebf2061a388dfa04130f10372776c') in 0.015818 seconds 
  Import took 0.023667 seconds .

========================================================================
Received Import Request.
  Time since last request: 0.000687 seconds.
  path: Assets/Prefabs/Capacitor.prefab
  artifactKey: Guid(a22b1f8fbd7f08d429ff89d467c9c825) Importer(815301076,1909f56bfc062723c751e8b465ee728b)
Start importing Assets/Prefabs/Capacitor.prefab using Guid(a22b1f8fbd7f08d429ff89d467c9c825) Importer(815301076,1909f56bfc062723c751e8b465ee728b)  -> (artifact id: '4ae5b0cc41b4bf5308d090d78730ba36') in 0.016495 seconds 
  Import took 0.023399 seconds .

========================================================================
Received Import Request.
  Time since last request: 0.000280 seconds.
  path: Assets/Prefabs/BitPad1 Variant.prefab
  artifactKey: Guid(0bd457e0290023e4bb1e2944a9cb4ecf) Importer(815301076,1909f56bfc062723c751e8b465ee728b)
Start importing Assets/Prefabs/BitPad1 Variant.prefab using Guid(0bd457e0290023e4bb1e2944a9cb4ecf) Importer(815301076,1909f56bfc062723c751e8b465ee728b)  -> (artifact id: '0630ee9a4feab9abd9bbd082781f82c6') in 0.037093 seconds 
  Import took 0.051659 seconds .

========================================================================
Received Import Request.
  Time since last request: 0.000319 seconds.
  path: Assets/Prefabs/Blank Wire.prefab
  artifactKey: Guid(abafe80be85c90642bfc25257e21ed6f) Importer(815301076,1909f56bfc062723c751e8b465ee728b)
Start importing Assets/Prefabs/Blank Wire.prefab using Guid(abafe80be85c90642bfc25257e21ed6f) Importer(815301076,1909f56bfc062723c751e8b465ee728b)  -> (artifact id: '32ce2729e3d4567e22d0a2eccc11fbfc') in 0.020365 seconds 
  Import took 0.027976 seconds .

========================================================================
Received Import Request.
  Time since last request: 0.000267 seconds.
  path: Assets/Prefabs/WallTriggered.prefab
  artifactKey: Guid(7169d3eb57d721345a07b1964d8bbda4) Importer(815301076,1909f56bfc062723c751e8b465ee728b)
Start importing Assets/Prefabs/WallTriggered.prefab using Guid(7169d3eb57d721345a07b1964d8bbda4) Importer(815301076,1909f56bfc062723c751e8b465ee728b)  -> (artifact id: '49e5f0e4d7c53ff59544eb0dc1e3a45a') in 0.027023 seconds 
  Import took 0.035095 seconds .

========================================================================
Received Import Request.
  Time since last request: 0.000390 seconds.
  path: Assets/Prefabs/FloatingBox Variant binary.prefab
  artifactKey: Guid(84794054de2269c4c8b210368fa6ee14) Importer(815301076,1909f56bfc062723c751e8b465ee728b)
Start importing Assets/Prefabs/FloatingBox Variant binary.prefab using Guid(84794054de2269c4c8b210368fa6ee14) Importer(815301076,1909f56bfc062723c751e8b465ee728b)  -> (artifact id: '1f4b7646d9b555cf6a082ceef6c8c1c5') in 0.051692 seconds 
  Import took 0.059455 seconds .

========================================================================
Received Import Request.
  Time since last request: 0.000274 seconds.
  path: Assets/Prefabs/BitPad128 Variant.prefab
  artifactKey: Guid(9c15dce5caeed7b4e975214078580461) Importer(815301076,1909f56bfc062723c751e8b465ee728b)
Start importing Assets/Prefabs/BitPad128 Variant.prefab using Guid(9c15dce5caeed7b4e975214078580461) Importer(815301076,1909f56bfc062723c751e8b465ee728b)  -> (artifact id: '09f3eb9cb1fb06ffd19322f5739175a9') in 0.026409 seconds 
  Import took 0.032157 seconds .

========================================================================
Received Import Request.
  Time since last request: 0.000362 seconds.
  path: Assets/Prefabs/PlatformMed 1.prefab
  artifactKey: Guid(623d41dc9adacfd49b0660fb55b5c6cf) Importer(815301076,1909f56bfc062723c751e8b465ee728b)
Start importing Assets/Prefabs/PlatformMed 1.prefab using Guid(623d41dc9adacfd49b0660fb55b5c6cf) Importer(815301076,1909f56bfc062723c751e8b465ee728b)  -> (artifact id: '59903e3174a9d4120f3a27e4c485247b') in 0.024519 seconds 
  Import took 0.038101 seconds .

========================================================================
Received Import Request.
  Time since last request: 0.000312 seconds.
  path: Assets/Prefabs/DoorEntry.prefab
  artifactKey: Guid(a50336e50d1747b4c92fbd190b98f3ca) Importer(815301076,1909f56bfc062723c751e8b465ee728b)
Start importing Assets/Prefabs/DoorEntry.prefab using Guid(a50336e50d1747b4c92fbd190b98f3ca) Importer(815301076,1909f56bfc062723c751e8b465ee728b)  -> (artifact id: '22e26a82ad296f67a4e0161666036dff') in 0.045458 seconds 
  Import took 0.050972 seconds .

========================================================================
Received Import Request.
  Time since last request: 0.000325 seconds.
  path: Assets/Prefabs/Ground Symbol.prefab
  artifactKey: Guid(f6fc3ab2d7e018d449292b4256d2f005) Importer(815301076,1909f56bfc062723c751e8b465ee728b)
Start importing Assets/Prefabs/Ground Symbol.prefab using Guid(f6fc3ab2d7e018d449292b4256d2f005) Importer(815301076,1909f56bfc062723c751e8b465ee728b)  -> (artifact id: '5f51dfbba1a682634eb7828c4dbca54d') in 0.046432 seconds 
  Import took 0.053629 seconds .

========================================================================
Received Import Request.
  Time since last request: 0.000403 seconds.
  path: Assets/Prefabs/PlatformShort.prefab
  artifactKey: Guid(db11358cf2b22174782015760a83e2d4) Importer(815301076,1909f56bfc062723c751e8b465ee728b)
Start importing Assets/Prefabs/PlatformShort.prefab using Guid(db11358cf2b22174782015760a83e2d4) Importer(815301076,1909f56bfc062723c751e8b465ee728b)  -> (artifact id: '8c0ccac29cd9d36baa0c81b2e644dbae') in 0.022100 seconds 
  Import took 0.028392 seconds .

========================================================================
Received Import Request.
  Time since last request: 0.000279 seconds.
  path: Assets/Prefabs/DisplayOutput.prefab
  artifactKey: Guid(7f9904f85df0ee44dbb32f60257c0184) Importer(815301076,1909f56bfc062723c751e8b465ee728b)
Start importing Assets/Prefabs/DisplayOutput.prefab using Guid(7f9904f85df0ee44dbb32f60257c0184) Importer(815301076,1909f56bfc062723c751e8b465ee728b)  -> (artifact id: '81b35b7098a72b765a47fb269b67d5b2') in 0.025646 seconds 
  Import took 0.033530 seconds .

========================================================================
Received Import Request.
  Time since last request: 0.000306 seconds.
  path: Assets/Prefabs/Level Heading.prefab
  artifactKey: Guid(bfa0f44a33a83de4b908636c600417d9) Importer(815301076,1909f56bfc062723c751e8b465ee728b)
Start importing Assets/Prefabs/Level Heading.prefab using Guid(bfa0f44a33a83de4b908636c600417d9) Importer(815301076,1909f56bfc062723c751e8b465ee728b)  -> (artifact id: '4ea83cac137a7c117ccb168299974918') in 0.062978 seconds 
  Import took 0.069843 seconds .

========================================================================
Received Import Request.
  Time since last request: 0.000390 seconds.
  path: Assets/Prefabs/PuzzleBlock.prefab
  artifactKey: Guid(78fc54a9d18928d4dbfda1834ff9fb4e) Importer(815301076,1909f56bfc062723c751e8b465ee728b)
Start importing Assets/Prefabs/PuzzleBlock.prefab using Guid(78fc54a9d18928d4dbfda1834ff9fb4e) Importer(815301076,1909f56bfc062723c751e8b465ee728b)  -> (artifact id: '97842c0bfafdd834a1690f2f9815e007') in 0.018935 seconds 
  Import took 0.027259 seconds .

========================================================================
Received Import Request.
  Time since last request: 0.000250 seconds.
  path: Assets/Prefabs/BitPad16 Variant.prefab
  artifactKey: Guid(dbf075c50f854154d95dc102fd2846ad) Importer(815301076,1909f56bfc062723c751e8b465ee728b)
Start importing Assets/Prefabs/BitPad16 Variant.prefab using Guid(dbf075c50f854154d95dc102fd2846ad) Importer(815301076,1909f56bfc062723c751e8b465ee728b)  -> (artifact id: '9bd8feca314dc4d10363e35e8bd92ff3') in 0.045342 seconds 
  Import took 0.053181 seconds .

========================================================================
Received Import Request.
  Time since last request: 0.000498 seconds.
  path: Assets/Prefabs/MenuBinary.prefab
  artifactKey: Guid(bd7ef626a3e81a347a964a6eed90e0da) Importer(815301076,1909f56bfc062723c751e8b465ee728b)
Start importing Assets/Prefabs/MenuBinary.prefab using Guid(bd7ef626a3e81a347a964a6eed90e0da) Importer(815301076,1909f56bfc062723c751e8b465ee728b)  -> (artifact id: '145c3707448a0b29aa5509488088e75f') in 0.041014 seconds 
  Import took 0.052461 seconds .

========================================================================
Received Import Request.
  Time since last request: 0.000268 seconds.
  path: Assets/Prefabs/BitPad.prefab
  artifactKey: Guid(037d2879a0422f040b90dee15a79ef23) Importer(815301076,1909f56bfc062723c751e8b465ee728b)
Start importing Assets/Prefabs/BitPad.prefab using Guid(037d2879a0422f040b90dee15a79ef23) Importer(815301076,1909f56bfc062723c751e8b465ee728b)  -> (artifact id: '8c4b9f94305535e706a2fb4dc94c0169') in 0.046663 seconds 
  Import took 0.057428 seconds .

========================================================================
Received Import Request.
  Time since last request: 0.000552 seconds.
  path: Assets/Prefabs/BitPad32 Variant.prefab
  artifactKey: Guid(688c27f76d1367649b0d87291e31a50a) Importer(815301076,1909f56bfc062723c751e8b465ee728b)
Start importing Assets/Prefabs/BitPad32 Variant.prefab using Guid(688c27f76d1367649b0d87291e31a50a) Importer(815301076,1909f56bfc062723c751e8b465ee728b)  -> (artifact id: '680645a85b6a0567d8815c5ca10f784d') in 0.028494 seconds 
  Import took 0.036447 seconds .

========================================================================
Received Import Request.
  Time since last request: 0.000320 seconds.
  path: Assets/Prefabs/BitPad4 Variant.prefab
  artifactKey: Guid(06b4d5de8da466645984c601ff6cffaf) Importer(815301076,1909f56bfc062723c751e8b465ee728b)
Start importing Assets/Prefabs/BitPad4 Variant.prefab using Guid(06b4d5de8da466645984c601ff6cffaf) Importer(815301076,1909f56bfc062723c751e8b465ee728b)  -> (artifact id: 'ccb8e7bffca157cdd7c0f62bf10622f9') in 0.054200 seconds 
  Import took 0.062033 seconds .

========================================================================
Received Import Request.
  Time since last request: 0.000409 seconds.
  path: Assets/Prefabs/PlatformLong.prefab
  artifactKey: Guid(bb2dd1b944c93f441b39e64cbd756e96) Importer(815301076,1909f56bfc062723c751e8b465ee728b)
Start importing Assets/Prefabs/PlatformLong.prefab using Guid(bb2dd1b944c93f441b39e64cbd756e96) Importer(815301076,1909f56bfc062723c751e8b465ee728b)  -> (artifact id: 'f9b5bc32a2bec99c408a7e2df9e2d2b3') in 0.017812 seconds 
  Import took 0.023696 seconds .

========================================================================
Received Import Request.
  Time since last request: 0.000269 seconds.
  path: Assets/Prefabs/BitPad64 Variant.prefab
  artifactKey: Guid(2e3b3863d37770a42beb4311f33bc9b3) Importer(815301076,1909f56bfc062723c751e8b465ee728b)
Start importing Assets/Prefabs/BitPad64 Variant.prefab using Guid(2e3b3863d37770a42beb4311f33bc9b3) Importer(815301076,1909f56bfc062723c751e8b465ee728b)  -> (artifact id: '605b8270bc25a83b9b917d80a79595f6') in 0.044337 seconds 
  Import took 0.052997 seconds .

========================================================================
Received Import Request.
  Time since last request: 0.001730 seconds.
  path: Assets/Prefabs/BitPad2 Variant.prefab
  artifactKey: Guid(9bd2996d742dafd45912cc5990b9b7de) Importer(815301076,1909f56bfc062723c751e8b465ee728b)
Start importing Assets/Prefabs/BitPad2 Variant.prefab using Guid(9bd2996d742dafd45912cc5990b9b7de) Importer(815301076,1909f56bfc062723c751e8b465ee728b)  -> (artifact id: '4cfe0b38b04692ed3a4f80d06403f9f1') in 0.090900 seconds 
  Import took 0.110200 seconds .

========================================================================
Received Import Request.
  Time since last request: 0.003285 seconds.
  path: Assets/Prefabs/DoorExit Variant binary.prefab
  artifactKey: Guid(4214e8b6ea9b5d847a27aa2e7910e857) Importer(815301076,1909f56bfc062723c751e8b465ee728b)
Start importing Assets/Prefabs/DoorExit Variant binary.prefab using Guid(4214e8b6ea9b5d847a27aa2e7910e857) Importer(815301076,1909f56bfc062723c751e8b465ee728b)  -> (artifact id: '551929024a0d2dc3cca97cf81f8e2223') in 0.114471 seconds 
  Import took 0.128138 seconds .

========================================================================
Received Import Request.
  Time since last request: 174.931975 seconds.
  path: Assets/Sounds/208956309.mp3
  artifactKey: Guid(2888e3c749ba3de43b89c8cfcfba8302) Importer(815301076,1909f56bfc062723c751e8b465ee728b)
Start importing Assets/Sounds/208956309.mp3 using Guid(2888e3c749ba3de43b89c8cfcfba8302) Importer(815301076,1909f56bfc062723c751e8b465ee728b)  -> (artifact id: '494c523326b244f49289f6820c4c33b3') in 0.031980 seconds 
  Import took 0.038972 seconds .

========================================================================
Received Import Request.
  Time since last request: 0.000339 seconds.
  path: Assets/Sounds/manjump1.mp3
  artifactKey: Guid(1be78abbd011fe14585c1876173958f8) Importer(815301076,1909f56bfc062723c751e8b465ee728b)
Start importing Assets/Sounds/manjump1.mp3 using Guid(1be78abbd011fe14585c1876173958f8) Importer(815301076,1909f56bfc062723c751e8b465ee728b)  -> (artifact id: 'cd3776272a4ca1a2fb314f6f3ad43f1e') in 0.025271 seconds 
  Import took 0.036651 seconds .

========================================================================
Received Import Request.
  Time since last request: 281.606181 seconds.
  path: Assets/Sounds/jump_duh.mp3
  artifactKey: Guid(4431f4fbe4c51af4cb921b7b7cc58de1) Importer(815301076,1909f56bfc062723c751e8b465ee728b)
Start importing Assets/Sounds/jump_duh.mp3 using Guid(4431f4fbe4c51af4cb921b7b7cc58de1) Importer(815301076,1909f56bfc062723c751e8b465ee728b)  -> (artifact id: 'ac4bde32620638e41f1fcb629f641d18') in 0.034380 seconds 
  Import took 0.042891 seconds .

========================================================================
Received Import Request.
  Time since last request: 40.257052 seconds.
  path: Assets/Prefabs/LevelBase.prefab
  artifactKey: Guid(b97f41c9df6106548b25a39905c30842) Importer(815301076,1909f56bfc062723c751e8b465ee728b)
Start importing Assets/Prefabs/LevelBase.prefab using Guid(b97f41c9df6106548b25a39905c30842) Importer(815301076,1909f56bfc062723c751e8b465ee728b)  -> (artifact id: '2ef5c862caab97868518ed85c3f5b692') in 0.058363 seconds 
  Import took 0.069956 seconds .

========================================================================
Received Import Request.
  Time since last request: 0.952310 seconds.
  path: Assets/Prefabs/Player.prefab
  artifactKey: Guid(407c22b1b88f469499de0df53d243de4) Importer(815301076,1909f56bfc062723c751e8b465ee728b)
Start importing Assets/Prefabs/Player.prefab using Guid(407c22b1b88f469499de0df53d243de4) Importer(815301076,1909f56bfc062723c751e8b465ee728b)  -> (artifact id: 'e308d83610d28d90cf8f9c236d281080') in 0.023764 seconds 
  Import took 0.032293 seconds .

========================================================================
Received Prepare
Registering precompiled user dll's ...
Registered in 0.006536 seconds.
Begin MonoManager ReloadAssembly
Native extension for WindowsStandalone target not found
Native extension for WebGL target not found
Refreshing native plugins compatible for Editor in 0.54 ms, found 3 plugins.
Preloading 0 native plugins for Editor in 0.00 ms.
Mono: successfully reloaded assembly
- Completed reload, in  1.542 seconds
Domain Reload Profiling:
	ReloadAssembly (1543ms)
		BeginReloadAssembly (192ms)
			ExecutionOrderSort (0ms)
			DisableScriptedObjects (7ms)
			BackupInstance (0ms)
			ReleaseScriptingObjects (0ms)
			CreateAndSetChildDomain (53ms)
		EndReloadAssembly (1257ms)
			LoadAssemblies (150ms)
			RebuildTransferFunctionScriptingTraits (0ms)
			SetupTypeCache (487ms)
			ReleaseScriptCaches (2ms)
			RebuildScriptCaches (60ms)
			SetupLoadedEditorAssemblies (444ms)
				LogAssemblyErrors (0ms)
				InitializePlatformSupportModulesInManaged (8ms)
				SetLoadedEditorAssemblies (1ms)
				RefreshPlugins (1ms)
				BeforeProcessingInitializeOnLoad (122ms)
				ProcessInitializeOnLoadAttributes (292ms)
				ProcessInitializeOnLoadMethodAttributes (14ms)
				AfterProcessingInitializeOnLoad (7ms)
				EditorAssembliesLoaded (0ms)
			ExecutionOrderSort2 (0ms)
			AwakeInstancesAfterBackupRestoration (12ms)
Platform modules already initialized, skipping
Refreshing native plugins compatible for Editor in 2.55 ms, found 3 plugins.
Preloading 0 native plugins for Editor in 0.00 ms.
Unloading 2217 Unused Serialized files (Serialized files now loaded: 0)
System memory in use before: 101.4 MB.
System memory in use after: 101.6 MB.

Unloading 17 unused Assets to reduce memory usage. Loaded Objects now: 2691.
Total: 4.240700 ms (FindLiveObjects: 0.353900 ms CreateObjectMapping: 0.135300 ms MarkObjects: 3.711000 ms  DeleteObjects: 0.038800 ms)

AssetImportParameters requested are different than current active one (requested -> active):
  custom:framework-win-MediaFoundation: 216162199b28c13a410421893ffa2e32 -> 
  custom:video-decoder-ogg-theora: a1e56fd34408186e4bbccfd4996cb3dc -> 
  custom:container-muxer-webm: aa71ff27fc2769a1b78a27578f13a17b -> 
  custom:container-demuxer-webm: 4f35f7cbe854078d1ac9338744f61a02 -> 
  custom:container-demuxer-ogg: 62fdf1f143b41e24485cea50d1cbac27 -> 
  custom:video-encoder-webm-vp8: eb34c28f22e8b96e1ab97ce403110664 -> 
  custom:video-decoder-webm-vp8: 9c59270c3fd7afecdb556c50c9e8de78 -> 
  custom:audio-decoder-ogg-vorbis: bf7c407c2cedff20999df2af8eb42d56 -> 
  custom:audio-encoder-webm-vorbis: bf7c407c2cedff20999df2af8eb42d56 -> 
========================================================================
Received Import Request.
  Time since last request: 11.357342 seconds.
  path: Assets/Prefabs/LevelBase.prefab
  artifactKey: Guid(b97f41c9df6106548b25a39905c30842) Importer(815301076,1909f56bfc062723c751e8b465ee728b)
Start importing Assets/Prefabs/LevelBase.prefab using Guid(b97f41c9df6106548b25a39905c30842) Importer(815301076,1909f56bfc062723c751e8b465ee728b)  -> (artifact id: '9df77d833242ff4b63d90d7efe1981b4') in 0.163673 seconds 
  Import took 0.170461 seconds .

========================================================================
Received Import Request.
  Time since last request: 0.000267 seconds.
  path: Assets/Prefabs/Player.prefab
  artifactKey: Guid(407c22b1b88f469499de0df53d243de4) Importer(815301076,1909f56bfc062723c751e8b465ee728b)
Start importing Assets/Prefabs/Player.prefab using Guid(407c22b1b88f469499de0df53d243de4) Importer(815301076,1909f56bfc062723c751e8b465ee728b)  -> (artifact id: '53e6ea91bba2af5d3baa90f30d7dc8f8') in 0.041014 seconds 
  Import took 0.050949 seconds .

========================================================================
Received Import Request.
  Time since last request: 8.541399 seconds.
  path: Assets/Prefabs/LevelBase.prefab
  artifactKey: Guid(b97f41c9df6106548b25a39905c30842) Importer(815301076,1909f56bfc062723c751e8b465ee728b)
Start importing Assets/Prefabs/LevelBase.prefab using Guid(b97f41c9df6106548b25a39905c30842) Importer(815301076,1909f56bfc062723c751e8b465ee728b)  -> (artifact id: '5e93f343e7e0f0e9406f44bb8354b2f0') in 0.077494 seconds 
  Import took 0.083959 seconds .

========================================================================
Received Import Request.
  Time since last request: 0.000394 seconds.
  path: Assets/Prefabs/Player.prefab
  artifactKey: Guid(407c22b1b88f469499de0df53d243de4) Importer(815301076,1909f56bfc062723c751e8b465ee728b)
Start importing Assets/Prefabs/Player.prefab using Guid(407c22b1b88f469499de0df53d243de4) Importer(815301076,1909f56bfc062723c751e8b465ee728b)  -> (artifact id: '17f5b6ad554f7d8e3f5f66ff609ca892') in 0.023009 seconds 
  Import took 0.028865 seconds .

========================================================================
Received Prepare
Registering precompiled user dll's ...
Registered in 0.005994 seconds.
Begin MonoManager ReloadAssembly
Native extension for WindowsStandalone target not found
Native extension for WebGL target not found
Refreshing native plugins compatible for Editor in 1.16 ms, found 3 plugins.
Preloading 0 native plugins for Editor in 0.00 ms.
Mono: successfully reloaded assembly
- Completed reload, in  1.357 seconds
Domain Reload Profiling:
	ReloadAssembly (1357ms)
		BeginReloadAssembly (148ms)
			ExecutionOrderSort (0ms)
			DisableScriptedObjects (6ms)
			BackupInstance (0ms)
			ReleaseScriptingObjects (0ms)
			CreateAndSetChildDomain (47ms)
		EndReloadAssembly (998ms)
			LoadAssemblies (107ms)
			RebuildTransferFunctionScriptingTraits (0ms)
			SetupTypeCache (379ms)
			ReleaseScriptCaches (1ms)
			RebuildScriptCaches (49ms)
			SetupLoadedEditorAssemblies (354ms)
				LogAssemblyErrors (0ms)
				InitializePlatformSupportModulesInManaged (6ms)
				SetLoadedEditorAssemblies (0ms)
				RefreshPlugins (1ms)
				BeforeProcessingInitializeOnLoad (106ms)
				ProcessInitializeOnLoadAttributes (222ms)
				ProcessInitializeOnLoadMethodAttributes (12ms)
				AfterProcessingInitializeOnLoad (7ms)
				EditorAssembliesLoaded (0ms)
			ExecutionOrderSort2 (0ms)
			AwakeInstancesAfterBackupRestoration (10ms)
Platform modules already initialized, skipping
Refreshing native plugins compatible for Editor in 1.59 ms, found 3 plugins.
Preloading 0 native plugins for Editor in 0.00 ms.
Unloading 2217 Unused Serialized files (Serialized files now loaded: 0)
System memory in use before: 101.5 MB.
System memory in use after: 101.7 MB.

Unloading 17 unused Assets to reduce memory usage. Loaded Objects now: 2694.
Total: 5.970200 ms (FindLiveObjects: 0.417300 ms CreateObjectMapping: 0.177400 ms MarkObjects: 5.339600 ms  DeleteObjects: 0.032900 ms)

AssetImportParameters requested are different than current active one (requested -> active):
  custom:framework-win-MediaFoundation: 216162199b28c13a410421893ffa2e32 -> 
  custom:video-decoder-ogg-theora: a1e56fd34408186e4bbccfd4996cb3dc -> 
  custom:container-muxer-webm: aa71ff27fc2769a1b78a27578f13a17b -> 
  custom:container-demuxer-webm: 4f35f7cbe854078d1ac9338744f61a02 -> 
  custom:container-demuxer-ogg: 62fdf1f143b41e24485cea50d1cbac27 -> 
  custom:video-encoder-webm-vp8: eb34c28f22e8b96e1ab97ce403110664 -> 
  custom:video-decoder-webm-vp8: 9c59270c3fd7afecdb556c50c9e8de78 -> 
  custom:audio-decoder-ogg-vorbis: bf7c407c2cedff20999df2af8eb42d56 -> 
  custom:audio-encoder-webm-vorbis: bf7c407c2cedff20999df2af8eb42d56 -> 
========================================================================
Received Import Request.
  Time since last request: 107.848559 seconds.
  path: Assets/Sounds/jump_duh.mp3
  artifactKey: Guid(4431f4fbe4c51af4cb921b7b7cc58de1) Importer(815301076,1909f56bfc062723c751e8b465ee728b)
Start importing Assets/Sounds/jump_duh.mp3 using Guid(4431f4fbe4c51af4cb921b7b7cc58de1) Importer(815301076,1909f56bfc062723c751e8b465ee728b)  -> (artifact id: '1cc6dd11d18e5fe85965b19f1eac47c6') in 0.100984 seconds 
  Import took 0.115460 seconds .

========================================================================
Received Import Request.
  Time since last request: 70.062002 seconds.
  path: Assets/Sounds/jump_duh.mp3
  artifactKey: Guid(4431f4fbe4c51af4cb921b7b7cc58de1) Importer(815301076,1909f56bfc062723c751e8b465ee728b)
Start importing Assets/Sounds/jump_duh.mp3 using Guid(4431f4fbe4c51af4cb921b7b7cc58de1) Importer(815301076,1909f56bfc062723c751e8b465ee728b)  -> (artifact id: '72a70b3a653bdde51829bec042d7442b') in 0.025981 seconds 
  Import took 0.036145 seconds .

========================================================================
Received Prepare
Registering precompiled user dll's ...
Registered in 0.006036 seconds.
Begin MonoManager ReloadAssembly
Native extension for WindowsStandalone target not found
Native extension for WebGL target not found
Refreshing native plugins compatible for Editor in 1.27 ms, found 3 plugins.
Preloading 0 native plugins for Editor in 0.00 ms.
Mono: successfully reloaded assembly
- Completed reload, in  2.577 seconds
Domain Reload Profiling:
	ReloadAssembly (2580ms)
		BeginReloadAssembly (151ms)
			ExecutionOrderSort (0ms)
			DisableScriptedObjects (12ms)
			BackupInstance (0ms)
			ReleaseScriptingObjects (0ms)
			CreateAndSetChildDomain (44ms)
		EndReloadAssembly (2194ms)
			LoadAssemblies (277ms)
			RebuildTransferFunctionScriptingTraits (0ms)
			SetupTypeCache (852ms)
			ReleaseScriptCaches (1ms)
			RebuildScriptCaches (92ms)
			SetupLoadedEditorAssemblies (631ms)
				LogAssemblyErrors (0ms)
				InitializePlatformSupportModulesInManaged (18ms)
				SetLoadedEditorAssemblies (2ms)
				RefreshPlugins (1ms)
				BeforeProcessingInitializeOnLoad (226ms)
				ProcessInitializeOnLoadAttributes (362ms)
				ProcessInitializeOnLoadMethodAttributes (12ms)
				AfterProcessingInitializeOnLoad (9ms)
				EditorAssembliesLoaded (0ms)
			ExecutionOrderSort2 (0ms)
			AwakeInstancesAfterBackupRestoration (17ms)
Platform modules already initialized, skipping
Refreshing native plugins compatible for Editor in 1.13 ms, found 3 plugins.
Preloading 0 native plugins for Editor in 0.00 ms.
Unloading 2217 Unused Serialized files (Serialized files now loaded: 0)
System memory in use before: 101.6 MB.
System memory in use after: 101.7 MB.

Unloading 17 unused Assets to reduce memory usage. Loaded Objects now: 2697.
Total: 6.992300 ms (FindLiveObjects: 0.540300 ms CreateObjectMapping: 0.296300 ms MarkObjects: 6.115100 ms  DeleteObjects: 0.038200 ms)

AssetImportParameters requested are different than current active one (requested -> active):
  custom:framework-win-MediaFoundation: 216162199b28c13a410421893ffa2e32 -> 
  custom:video-decoder-ogg-theora: a1e56fd34408186e4bbccfd4996cb3dc -> 
  custom:container-muxer-webm: aa71ff27fc2769a1b78a27578f13a17b -> 
  custom:container-demuxer-webm: 4f35f7cbe854078d1ac9338744f61a02 -> 
  custom:container-demuxer-ogg: 62fdf1f143b41e24485cea50d1cbac27 -> 
  custom:video-encoder-webm-vp8: eb34c28f22e8b96e1ab97ce403110664 -> 
  custom:video-decoder-webm-vp8: 9c59270c3fd7afecdb556c50c9e8de78 -> 
  custom:audio-decoder-ogg-vorbis: bf7c407c2cedff20999df2af8eb42d56 -> 
  custom:audio-encoder-webm-vorbis: bf7c407c2cedff20999df2af8eb42d56 -> 
========================================================================
Received Import Request.
  Time since last request: 307.993223 seconds.
  path: Assets/Sounds/jump 2.mp3
  artifactKey: Guid(cb127ad4251b7ae489fa960bc47bb258) Importer(815301076,1909f56bfc062723c751e8b465ee728b)
Start importing Assets/Sounds/jump 2.mp3 using Guid(cb127ad4251b7ae489fa960bc47bb258) Importer(815301076,1909f56bfc062723c751e8b465ee728b)  -> (artifact id: 'b370cadd56a31dfc4d50b00b5aaa758f') in 0.216165 seconds 
  Import took 0.228965 seconds .

========================================================================
Received Prepare
Registering precompiled user dll's ...
Registered in 0.021443 seconds.
Begin MonoManager ReloadAssembly
Native extension for WindowsStandalone target not found
Native extension for WebGL target not found
Refreshing native plugins compatible for Editor in 1.45 ms, found 3 plugins.
Preloading 0 native plugins for Editor in 0.00 ms.
Mono: successfully reloaded assembly
- Completed reload, in  3.944 seconds
Domain Reload Profiling:
	ReloadAssembly (3946ms)
		BeginReloadAssembly (282ms)
			ExecutionOrderSort (0ms)
			DisableScriptedObjects (14ms)
			BackupInstance (0ms)
			ReleaseScriptingObjects (0ms)
			CreateAndSetChildDomain (96ms)
		EndReloadAssembly (3445ms)
			LoadAssemblies (248ms)
			RebuildTransferFunctionScriptingTraits (0ms)
			SetupTypeCache (1014ms)
			ReleaseScriptCaches (4ms)
			RebuildScriptCaches (367ms)
			SetupLoadedEditorAssemblies (479ms)
				LogAssemblyErrors (0ms)
				InitializePlatformSupportModulesInManaged (14ms)
				SetLoadedEditorAssemblies (2ms)
				RefreshPlugins (2ms)
				BeforeProcessingInitializeOnLoad (128ms)
				ProcessInitializeOnLoadAttributes (309ms)
				ProcessInitializeOnLoadMethodAttributes (14ms)
				AfterProcessingInitializeOnLoad (10ms)
				EditorAssembliesLoaded (0ms)
			ExecutionOrderSort2 (0ms)
			AwakeInstancesAfterBackupRestoration (20ms)
Platform modules already initialized, skipping
Refreshing native plugins compatible for Editor in 1.41 ms, found 3 plugins.
Preloading 0 native plugins for Editor in 0.00 ms.
Unloading 2217 Unused Serialized files (Serialized files now loaded: 0)
System memory in use before: 101.6 MB.
System memory in use after: 101.7 MB.

Unloading 17 unused Assets to reduce memory usage. Loaded Objects now: 2700.
Total: 5.215700 ms (FindLiveObjects: 0.247500 ms CreateObjectMapping: 0.116600 ms MarkObjects: 4.802700 ms  DeleteObjects: 0.047300 ms)

AssetImportParameters requested are different than current active one (requested -> active):
  custom:framework-win-MediaFoundation: 216162199b28c13a410421893ffa2e32 -> 
  custom:video-decoder-ogg-theora: a1e56fd34408186e4bbccfd4996cb3dc -> 
  custom:container-muxer-webm: aa71ff27fc2769a1b78a27578f13a17b -> 
  custom:container-demuxer-webm: 4f35f7cbe854078d1ac9338744f61a02 -> 
  custom:container-demuxer-ogg: 62fdf1f143b41e24485cea50d1cbac27 -> 
  custom:video-encoder-webm-vp8: eb34c28f22e8b96e1ab97ce403110664 -> 
  custom:video-decoder-webm-vp8: 9c59270c3fd7afecdb556c50c9e8de78 -> 
  custom:audio-decoder-ogg-vorbis: bf7c407c2cedff20999df2af8eb42d56 -> 
  custom:audio-encoder-webm-vorbis: bf7c407c2cedff20999df2af8eb42d56 -> 
========================================================================
Received Import Request.
  Time since last request: 40.336103 seconds.
  path: Assets/Scripts/ExitDoorControlBinary.cs
  artifactKey: Guid(4d1d4225d46c6424ab5b923d9555ad70) Importer(815301076,1909f56bfc062723c751e8b465ee728b)
Start importing Assets/Scripts/ExitDoorControlBinary.cs using Guid(4d1d4225d46c6424ab5b923d9555ad70) Importer(815301076,1909f56bfc062723c751e8b465ee728b)  -> (artifact id: '414606ede75574d9370ecc5c81803098') in 0.018510 seconds 
  Import took 0.025465 seconds .

========================================================================
Received Prepare
Registering precompiled user dll's ...
Registered in 0.102989 seconds.
Begin MonoManager ReloadAssembly
Native extension for WindowsStandalone target not found
Native extension for WebGL target not found
Refreshing native plugins compatible for Editor in 1.98 ms, found 3 plugins.
Preloading 0 native plugins for Editor in 0.00 ms.
Mono: successfully reloaded assembly
- Completed reload, in  6.971 seconds
Domain Reload Profiling:
	ReloadAssembly (6977ms)
		BeginReloadAssembly (684ms)
			ExecutionOrderSort (0ms)
			DisableScriptedObjects (67ms)
			BackupInstance (0ms)
			ReleaseScriptingObjects (0ms)
			CreateAndSetChildDomain (207ms)
		EndReloadAssembly (5923ms)
			LoadAssemblies (601ms)
			RebuildTransferFunctionScriptingTraits (0ms)
			SetupTypeCache (2926ms)
			ReleaseScriptCaches (3ms)
			RebuildScriptCaches (264ms)
			SetupLoadedEditorAssemblies (1489ms)
				LogAssemblyErrors (0ms)
				InitializePlatformSupportModulesInManaged (63ms)
				SetLoadedEditorAssemblies (2ms)
				RefreshPlugins (2ms)
				BeforeProcessingInitializeOnLoad (771ms)
				ProcessInitializeOnLoadAttributes (631ms)
				ProcessInitializeOnLoadMethodAttributes (12ms)
				AfterProcessingInitializeOnLoad (8ms)
				EditorAssembliesLoaded (0ms)
			ExecutionOrderSort2 (0ms)
			AwakeInstancesAfterBackupRestoration (10ms)
Platform modules already initialized, skipping
Refreshing native plugins compatible for Editor in 0.62 ms, found 3 plugins.
Preloading 0 native plugins for Editor in 0.00 ms.
Unloading 2217 Unused Serialized files (Serialized files now loaded: 0)
System memory in use before: 101.5 MB.
System memory in use after: 101.6 MB.

Unloading 17 unused Assets to reduce memory usage. Loaded Objects now: 2702.
Total: 19.720200 ms (FindLiveObjects: 0.418100 ms CreateObjectMapping: 0.178700 ms MarkObjects: 19.085700 ms  DeleteObjects: 0.035500 ms)

AssetImportParameters requested are different than current active one (requested -> active):
  custom:framework-win-MediaFoundation: 216162199b28c13a410421893ffa2e32 -> 
  custom:video-decoder-ogg-theora: a1e56fd34408186e4bbccfd4996cb3dc -> 
  custom:container-muxer-webm: aa71ff27fc2769a1b78a27578f13a17b -> 
  custom:container-demuxer-webm: 4f35f7cbe854078d1ac9338744f61a02 -> 
  custom:container-demuxer-ogg: 62fdf1f143b41e24485cea50d1cbac27 -> 
  custom:video-encoder-webm-vp8: eb34c28f22e8b96e1ab97ce403110664 -> 
  custom:video-decoder-webm-vp8: 9c59270c3fd7afecdb556c50c9e8de78 -> 
  custom:audio-decoder-ogg-vorbis: bf7c407c2cedff20999df2af8eb42d56 -> 
  custom:audio-encoder-webm-vorbis: bf7c407c2cedff20999df2af8eb42d56 -> 
========================================================================
Received Prepare
Registering precompiled user dll's ...
Registered in 0.014559 seconds.
Begin MonoManager ReloadAssembly
Native extension for WindowsStandalone target not found
Native extension for WebGL target not found
Refreshing native plugins compatible for Editor in 0.91 ms, found 3 plugins.
Preloading 0 native plugins for Editor in 0.00 ms.
Mono: successfully reloaded assembly
- Completed reload, in  2.849 seconds
Domain Reload Profiling:
	ReloadAssembly (2850ms)
		BeginReloadAssembly (232ms)
			ExecutionOrderSort (0ms)
			DisableScriptedObjects (11ms)
			BackupInstance (0ms)
			ReleaseScriptingObjects (0ms)
			CreateAndSetChildDomain (51ms)
		EndReloadAssembly (2431ms)
			LoadAssemblies (271ms)
			RebuildTransferFunctionScriptingTraits (0ms)
			SetupTypeCache (799ms)
			ReleaseScriptCaches (2ms)
			RebuildScriptCaches (115ms)
			SetupLoadedEditorAssemblies (916ms)
				LogAssemblyErrors (0ms)
				InitializePlatformSupportModulesInManaged (17ms)
				SetLoadedEditorAssemblies (1ms)
				RefreshPlugins (1ms)
				BeforeProcessingInitializeOnLoad (327ms)
				ProcessInitializeOnLoadAttributes (524ms)
				ProcessInitializeOnLoadMethodAttributes (29ms)
				AfterProcessingInitializeOnLoad (18ms)
				EditorAssembliesLoaded (0ms)
			ExecutionOrderSort2 (0ms)
			AwakeInstancesAfterBackupRestoration (40ms)
Platform modules already initialized, skipping
Refreshing native plugins compatible for Editor in 0.92 ms, found 3 plugins.
Preloading 0 native plugins for Editor in 0.00 ms.
Unloading 2217 Unused Serialized files (Serialized files now loaded: 0)
System memory in use before: 101.6 MB.
System memory in use after: 101.7 MB.

Unloading 17 unused Assets to reduce memory usage. Loaded Objects now: 2704.
Total: 8.068900 ms (FindLiveObjects: 0.359200 ms CreateObjectMapping: 0.316400 ms MarkObjects: 7.346800 ms  DeleteObjects: 0.043500 ms)

AssetImportParameters requested are different than current active one (requested -> active):
  custom:framework-win-MediaFoundation: 216162199b28c13a410421893ffa2e32 -> 
  custom:video-decoder-ogg-theora: a1e56fd34408186e4bbccfd4996cb3dc -> 
  custom:container-muxer-webm: aa71ff27fc2769a1b78a27578f13a17b -> 
  custom:container-demuxer-webm: 4f35f7cbe854078d1ac9338744f61a02 -> 
  custom:container-demuxer-ogg: 62fdf1f143b41e24485cea50d1cbac27 -> 
  custom:video-encoder-webm-vp8: eb34c28f22e8b96e1ab97ce403110664 -> 
  custom:video-decoder-webm-vp8: 9c59270c3fd7afecdb556c50c9e8de78 -> 
  custom:audio-decoder-ogg-vorbis: bf7c407c2cedff20999df2af8eb42d56 -> 
  custom:audio-encoder-webm-vorbis: bf7c407c2cedff20999df2af8eb42d56 -> 
========================================================================
Received Import Request.
  Time since last request: 379.419220 seconds.
  path: Assets/Sounds/hit 1.mp3
  artifactKey: Guid(7693fb7c3563d3648835d78a77d5769b) Importer(815301076,1909f56bfc062723c751e8b465ee728b)
Start importing Assets/Sounds/hit 1.mp3 using Guid(7693fb7c3563d3648835d78a77d5769b) Importer(815301076,1909f56bfc062723c751e8b465ee728b)  -> (artifact id: '0fb785c2f64ab76b9cee3b90baf0919d') in 0.160260 seconds 
  Import took 0.233909 seconds .

========================================================================
Received Import Request.
  Time since last request: 0.000318 seconds.
  path: Assets/Sounds/hit 2.mp3
  artifactKey: Guid(48fa864877c6b8f4ca2d82baaf9b6467) Importer(815301076,1909f56bfc062723c751e8b465ee728b)
Start importing Assets/Sounds/hit 2.mp3 using Guid(48fa864877c6b8f4ca2d82baaf9b6467) Importer(815301076,1909f56bfc062723c751e8b465ee728b)  -> (artifact id: '07c01aa0b96f3102dc8d9ef4d229e520') in 0.023141 seconds 
  Import took 0.030815 seconds .

========================================================================
Received Prepare
Registering precompiled user dll's ...
Registered in 0.015601 seconds.
Begin MonoManager ReloadAssembly
Native extension for WindowsStandalone target not found
Native extension for WebGL target not found
Refreshing native plugins compatible for Editor in 1.60 ms, found 3 plugins.
Preloading 0 native plugins for Editor in 0.00 ms.
Mono: successfully reloaded assembly
- Completed reload, in  2.195 seconds
Domain Reload Profiling:
	ReloadAssembly (2195ms)
		BeginReloadAssembly (183ms)
			ExecutionOrderSort (0ms)
			DisableScriptedObjects (9ms)
			BackupInstance (0ms)
			ReleaseScriptingObjects (0ms)
			CreateAndSetChildDomain (54ms)
		EndReloadAssembly (1925ms)
			LoadAssemblies (136ms)
			RebuildTransferFunctionScriptingTraits (0ms)
			SetupTypeCache (780ms)
			ReleaseScriptCaches (1ms)
			RebuildScriptCaches (104ms)
			SetupLoadedEditorAssemblies (725ms)
				LogAssemblyErrors (0ms)
				InitializePlatformSupportModulesInManaged (32ms)
				SetLoadedEditorAssemblies (2ms)
				RefreshPlugins (2ms)
				BeforeProcessingInitializeOnLoad (210ms)
				ProcessInitializeOnLoadAttributes (457ms)
				ProcessInitializeOnLoadMethodAttributes (14ms)
				AfterProcessingInitializeOnLoad (8ms)
				EditorAssembliesLoaded (0ms)
			ExecutionOrderSort2 (0ms)
			AwakeInstancesAfterBackupRestoration (10ms)
Platform modules already initialized, skipping
Refreshing native plugins compatible for Editor in 0.56 ms, found 3 plugins.
Preloading 0 native plugins for Editor in 0.00 ms.
Unloading 2217 Unused Serialized files (Serialized files now loaded: 0)
System memory in use before: 101.6 MB.
System memory in use after: 101.7 MB.

Unloading 17 unused Assets to reduce memory usage. Loaded Objects now: 2707.
Total: 5.798300 ms (FindLiveObjects: 0.250400 ms CreateObjectMapping: 0.116900 ms MarkObjects: 5.350600 ms  DeleteObjects: 0.078400 ms)

AssetImportParameters requested are different than current active one (requested -> active):
  custom:framework-win-MediaFoundation: 216162199b28c13a410421893ffa2e32 -> 
  custom:video-decoder-ogg-theora: a1e56fd34408186e4bbccfd4996cb3dc -> 
  custom:container-muxer-webm: aa71ff27fc2769a1b78a27578f13a17b -> 
  custom:container-demuxer-webm: 4f35f7cbe854078d1ac9338744f61a02 -> 
  custom:container-demuxer-ogg: 62fdf1f143b41e24485cea50d1cbac27 -> 
  custom:video-encoder-webm-vp8: eb34c28f22e8b96e1ab97ce403110664 -> 
  custom:video-decoder-webm-vp8: 9c59270c3fd7afecdb556c50c9e8de78 -> 
  custom:audio-decoder-ogg-vorbis: bf7c407c2cedff20999df2af8eb42d56 -> 
  custom:audio-encoder-webm-vorbis: bf7c407c2cedff20999df2af8eb42d56 -> 
========================================================================
Received Prepare
Registering precompiled user dll's ...
Registered in 0.005760 seconds.
Begin MonoManager ReloadAssembly
Native extension for WindowsStandalone target not found
Native extension for WebGL target not found
Refreshing native plugins compatible for Editor in 0.59 ms, found 3 plugins.
Preloading 0 native plugins for Editor in 0.00 ms.
Mono: successfully reloaded assembly
- Completed reload, in  1.693 seconds
Domain Reload Profiling:
	ReloadAssembly (1694ms)
		BeginReloadAssembly (157ms)
			ExecutionOrderSort (0ms)
			DisableScriptedObjects (13ms)
			BackupInstance (0ms)
			ReleaseScriptingObjects (0ms)
			CreateAndSetChildDomain (46ms)
		EndReloadAssembly (1441ms)
			LoadAssemblies (140ms)
			RebuildTransferFunctionScriptingTraits (0ms)
			SetupTypeCache (425ms)
			ReleaseScriptCaches (1ms)
			RebuildScriptCaches (51ms)
			SetupLoadedEditorAssemblies (650ms)
				LogAssemblyErrors (0ms)
				InitializePlatformSupportModulesInManaged (7ms)
				SetLoadedEditorAssemblies (1ms)
				RefreshPlugins (1ms)
				BeforeProcessingInitializeOnLoad (187ms)
				ProcessInitializeOnLoadAttributes (434ms)
				ProcessInitializeOnLoadMethodAttributes (13ms)
				AfterProcessingInitializeOnLoad (8ms)
				EditorAssembliesLoaded (0ms)
			ExecutionOrderSort2 (0ms)
			AwakeInstancesAfterBackupRestoration (11ms)
Platform modules already initialized, skipping
Refreshing native plugins compatible for Editor in 0.60 ms, found 3 plugins.
Preloading 0 native plugins for Editor in 0.00 ms.
Unloading 2217 Unused Serialized files (Serialized files now loaded: 0)
System memory in use before: 101.6 MB.
System memory in use after: 101.7 MB.

Unloading 17 unused Assets to reduce memory usage. Loaded Objects now: 2709.
Total: 4.141700 ms (FindLiveObjects: 0.235400 ms CreateObjectMapping: 0.082000 ms MarkObjects: 3.797800 ms  DeleteObjects: 0.024800 ms)

AssetImportParameters requested are different than current active one (requested -> active):
  custom:framework-win-MediaFoundation: 216162199b28c13a410421893ffa2e32 -> 
  custom:video-decoder-ogg-theora: a1e56fd34408186e4bbccfd4996cb3dc -> 
  custom:container-muxer-webm: aa71ff27fc2769a1b78a27578f13a17b -> 
  custom:container-demuxer-webm: 4f35f7cbe854078d1ac9338744f61a02 -> 
  custom:container-demuxer-ogg: 62fdf1f143b41e24485cea50d1cbac27 -> 
  custom:video-encoder-webm-vp8: eb34c28f22e8b96e1ab97ce403110664 -> 
  custom:video-decoder-webm-vp8: 9c59270c3fd7afecdb556c50c9e8de78 -> 
  custom:audio-decoder-ogg-vorbis: bf7c407c2cedff20999df2af8eb42d56 -> 
  custom:audio-encoder-webm-vorbis: bf7c407c2cedff20999df2af8eb42d56 -> 
========================================================================
Received Import Request.
  Time since last request: 105.049761 seconds.
  path: Assets/Prefabs/LevelBase.prefab
  artifactKey: Guid(b97f41c9df6106548b25a39905c30842) Importer(815301076,1909f56bfc062723c751e8b465ee728b)
Start importing Assets/Prefabs/LevelBase.prefab using Guid(b97f41c9df6106548b25a39905c30842) Importer(815301076,1909f56bfc062723c751e8b465ee728b)  -> (artifact id: 'c2f0fcf66dd9285b5024d28fca45f2b9') in 0.240106 seconds 
  Import took 0.245129 seconds .

========================================================================
Received Import Request.
  Time since last request: 0.000352 seconds.
  path: Assets/Prefabs/Player.prefab
  artifactKey: Guid(407c22b1b88f469499de0df53d243de4) Importer(815301076,1909f56bfc062723c751e8b465ee728b)
Start importing Assets/Prefabs/Player.prefab using Guid(407c22b1b88f469499de0df53d243de4) Importer(815301076,1909f56bfc062723c751e8b465ee728b)  -> (artifact id: 'bf6b0cd2e3a476a4cddb55e7e1bebe0b') in 0.053181 seconds 
  Import took 0.059291 seconds .

========================================================================
Received Import Request.
  Time since last request: 8.859946 seconds.
  path: Assets/Prefabs/LevelBase.prefab
  artifactKey: Guid(b97f41c9df6106548b25a39905c30842) Importer(815301076,1909f56bfc062723c751e8b465ee728b)
Start importing Assets/Prefabs/LevelBase.prefab using Guid(b97f41c9df6106548b25a39905c30842) Importer(815301076,1909f56bfc062723c751e8b465ee728b)  -> (artifact id: '76018c63d9d63857caece984fe06919d') in 0.080620 seconds 
  Import took 0.087657 seconds .

========================================================================
Received Import Request.
  Time since last request: 0.000465 seconds.
  path: Assets/Prefabs/Player.prefab
  artifactKey: Guid(407c22b1b88f469499de0df53d243de4) Importer(815301076,1909f56bfc062723c751e8b465ee728b)
Start importing Assets/Prefabs/Player.prefab using Guid(407c22b1b88f469499de0df53d243de4) Importer(815301076,1909f56bfc062723c751e8b465ee728b)  -> (artifact id: '8d3be77b105ed113d0efd12e6709fc8d') in 0.028619 seconds 
  Import took 0.035123 seconds .

========================================================================
Received Prepare
Registering precompiled user dll's ...
Registered in 0.015313 seconds.
Begin MonoManager ReloadAssembly
Native extension for WindowsStandalone target not found
Native extension for WebGL target not found
Refreshing native plugins compatible for Editor in 1.56 ms, found 3 plugins.
Preloading 0 native plugins for Editor in 0.00 ms.
Mono: successfully reloaded assembly
- Completed reload, in  1.950 seconds
Domain Reload Profiling:
	ReloadAssembly (1950ms)
		BeginReloadAssembly (201ms)
			ExecutionOrderSort (0ms)
			DisableScriptedObjects (10ms)
			BackupInstance (0ms)
			ReleaseScriptingObjects (0ms)
			CreateAndSetChildDomain (43ms)
		EndReloadAssembly (1652ms)
			LoadAssemblies (222ms)
			RebuildTransferFunctionScriptingTraits (0ms)
			SetupTypeCache (558ms)
			ReleaseScriptCaches (1ms)
			RebuildScriptCaches (53ms)
			SetupLoadedEditorAssemblies (647ms)
				LogAssemblyErrors (0ms)
				InitializePlatformSupportModulesInManaged (31ms)
				SetLoadedEditorAssemblies (2ms)
				RefreshPlugins (2ms)
				BeforeProcessingInitializeOnLoad (365ms)
				ProcessInitializeOnLoadAttributes (226ms)
				ProcessInitializeOnLoadMethodAttributes (13ms)
				AfterProcessingInitializeOnLoad (8ms)
				EditorAssembliesLoaded (0ms)
			ExecutionOrderSort2 (0ms)
			AwakeInstancesAfterBackupRestoration (10ms)
Platform modules already initialized, skipping
Refreshing native plugins compatible for Editor in 1.45 ms, found 3 plugins.
Preloading 0 native plugins for Editor in 0.00 ms.
Unloading 2217 Unused Serialized files (Serialized files now loaded: 0)
System memory in use before: 101.6 MB.
System memory in use after: 101.8 MB.

Unloading 17 unused Assets to reduce memory usage. Loaded Objects now: 2712.
Total: 12.834300 ms (FindLiveObjects: 0.513600 ms CreateObjectMapping: 0.277000 ms MarkObjects: 11.979300 ms  DeleteObjects: 0.060900 ms)

AssetImportParameters requested are different than current active one (requested -> active):
  custom:framework-win-MediaFoundation: 216162199b28c13a410421893ffa2e32 -> 
  custom:video-decoder-ogg-theora: a1e56fd34408186e4bbccfd4996cb3dc -> 
  custom:container-muxer-webm: aa71ff27fc2769a1b78a27578f13a17b -> 
  custom:container-demuxer-webm: 4f35f7cbe854078d1ac9338744f61a02 -> 
  custom:container-demuxer-ogg: 62fdf1f143b41e24485cea50d1cbac27 -> 
  custom:video-encoder-webm-vp8: eb34c28f22e8b96e1ab97ce403110664 -> 
  custom:video-decoder-webm-vp8: 9c59270c3fd7afecdb556c50c9e8de78 -> 
  custom:audio-decoder-ogg-vorbis: bf7c407c2cedff20999df2af8eb42d56 -> 
  custom:audio-encoder-webm-vorbis: bf7c407c2cedff20999df2af8eb42d56 -> 
========================================================================
Received Prepare
Registering precompiled user dll's ...
Registered in 0.009603 seconds.
Begin MonoManager ReloadAssembly
Native extension for WindowsStandalone target not found
Native extension for WebGL target not found
Refreshing native plugins compatible for Editor in 1.21 ms, found 3 plugins.
Preloading 0 native plugins for Editor in 0.00 ms.
Mono: successfully reloaded assembly
- Completed reload, in  2.727 seconds
Domain Reload Profiling:
	ReloadAssembly (2727ms)
		BeginReloadAssembly (282ms)
			ExecutionOrderSort (0ms)
			DisableScriptedObjects (15ms)
			BackupInstance (0ms)
			ReleaseScriptingObjects (0ms)
			CreateAndSetChildDomain (89ms)
		EndReloadAssembly (2296ms)
			LoadAssemblies (244ms)
			RebuildTransferFunctionScriptingTraits (0ms)
			SetupTypeCache (919ms)
			ReleaseScriptCaches (2ms)
			RebuildScriptCaches (173ms)
			SetupLoadedEditorAssemblies (781ms)
				LogAssemblyErrors (0ms)
				InitializePlatformSupportModulesInManaged (18ms)
				SetLoadedEditorAssemblies (1ms)
				RefreshPlugins (2ms)
				BeforeProcessingInitializeOnLoad (238ms)
				ProcessInitializeOnLoadAttributes (478ms)
				ProcessInitializeOnLoadMethodAttributes (29ms)
				AfterProcessingInitializeOnLoad (14ms)
				EditorAssembliesLoaded (0ms)
			ExecutionOrderSort2 (0ms)
			AwakeInstancesAfterBackupRestoration (20ms)
Platform modules already initialized, skipping
Refreshing native plugins compatible for Editor in 0.91 ms, found 3 plugins.
Preloading 0 native plugins for Editor in 0.00 ms.
Unloading 2217 Unused Serialized files (Serialized files now loaded: 0)
System memory in use before: 101.6 MB.
System memory in use after: 101.8 MB.

Unloading 17 unused Assets to reduce memory usage. Loaded Objects now: 2714.
Total: 7.897100 ms (FindLiveObjects: 0.557100 ms CreateObjectMapping: 0.338000 ms MarkObjects: 6.950200 ms  DeleteObjects: 0.048700 ms)

AssetImportParameters requested are different than current active one (requested -> active):
  custom:framework-win-MediaFoundation: 216162199b28c13a410421893ffa2e32 -> 
  custom:video-decoder-ogg-theora: a1e56fd34408186e4bbccfd4996cb3dc -> 
  custom:container-muxer-webm: aa71ff27fc2769a1b78a27578f13a17b -> 
  custom:container-demuxer-webm: 4f35f7cbe854078d1ac9338744f61a02 -> 
  custom:container-demuxer-ogg: 62fdf1f143b41e24485cea50d1cbac27 -> 
  custom:video-encoder-webm-vp8: eb34c28f22e8b96e1ab97ce403110664 -> 
  custom:video-decoder-webm-vp8: 9c59270c3fd7afecdb556c50c9e8de78 -> 
  custom:audio-decoder-ogg-vorbis: bf7c407c2cedff20999df2af8eb42d56 -> 
  custom:audio-encoder-webm-vorbis: bf7c407c2cedff20999df2af8eb42d56 -> 
========================================================================
Received Prepare
Registering precompiled user dll's ...
Registered in 0.014027 seconds.
Begin MonoManager ReloadAssembly
Native extension for WindowsStandalone target not found
Native extension for WebGL target not found
Refreshing native plugins compatible for Editor in 0.56 ms, found 3 plugins.
Preloading 0 native plugins for Editor in 0.00 ms.
Mono: successfully reloaded assembly
- Completed reload, in  1.737 seconds
Domain Reload Profiling:
	ReloadAssembly (1737ms)
		BeginReloadAssembly (155ms)
			ExecutionOrderSort (0ms)
			DisableScriptedObjects (7ms)
			BackupInstance (0ms)
			ReleaseScriptingObjects (0ms)
			CreateAndSetChildDomain (40ms)
		EndReloadAssembly (1491ms)
			LoadAssemblies (115ms)
			RebuildTransferFunctionScriptingTraits (0ms)
			SetupTypeCache (783ms)
			ReleaseScriptCaches (1ms)
			RebuildScriptCaches (51ms)
			SetupLoadedEditorAssemblies (418ms)
				LogAssemblyErrors (0ms)
				InitializePlatformSupportModulesInManaged (6ms)
				SetLoadedEditorAssemblies (1ms)
				RefreshPlugins (1ms)
				BeforeProcessingInitializeOnLoad (142ms)
				ProcessInitializeOnLoadAttributes (249ms)
				ProcessInitializeOnLoadMethodAttributes (12ms)
				AfterProcessingInitializeOnLoad (7ms)
				EditorAssembliesLoaded (0ms)
			ExecutionOrderSort2 (0ms)
			AwakeInstancesAfterBackupRestoration (12ms)
Platform modules already initialized, skipping
Refreshing native plugins compatible for Editor in 0.55 ms, found 3 plugins.
Preloading 0 native plugins for Editor in 0.00 ms.
Unloading 2217 Unused Serialized files (Serialized files now loaded: 0)
System memory in use before: 101.6 MB.
System memory in use after: 101.8 MB.

Unloading 17 unused Assets to reduce memory usage. Loaded Objects now: 2716.
Total: 3.929300 ms (FindLiveObjects: 0.252000 ms CreateObjectMapping: 0.158200 ms MarkObjects: 3.481000 ms  DeleteObjects: 0.037000 ms)

AssetImportParameters requested are different than current active one (requested -> active):
  custom:framework-win-MediaFoundation: 216162199b28c13a410421893ffa2e32 -> 
  custom:video-decoder-ogg-theora: a1e56fd34408186e4bbccfd4996cb3dc -> 
  custom:container-muxer-webm: aa71ff27fc2769a1b78a27578f13a17b -> 
  custom:container-demuxer-webm: 4f35f7cbe854078d1ac9338744f61a02 -> 
  custom:container-demuxer-ogg: 62fdf1f143b41e24485cea50d1cbac27 -> 
  custom:video-encoder-webm-vp8: eb34c28f22e8b96e1ab97ce403110664 -> 
  custom:video-decoder-webm-vp8: 9c59270c3fd7afecdb556c50c9e8de78 -> 
  custom:audio-decoder-ogg-vorbis: bf7c407c2cedff20999df2af8eb42d56 -> 
  custom:audio-encoder-webm-vorbis: bf7c407c2cedff20999df2af8eb42d56 -> 
========================================================================
Received Import Request.
  Time since last request: 312.160268 seconds.
  path: Assets/Scenes/Credits.unity
  artifactKey: Guid(da5f1708606bed548b3523bf854caf16) Importer(815301076,1909f56bfc062723c751e8b465ee728b)
Start importing Assets/Scenes/Credits.unity using Guid(da5f1708606bed548b3523bf854caf16) Importer(815301076,1909f56bfc062723c751e8b465ee728b)  -> (artifact id: '3c4a07d20f2576e956686fa45e11cba5') in 0.025093 seconds 
  Import took 0.032188 seconds .

========================================================================
Received Prepare
Registering precompiled user dll's ...
Registered in 0.005862 seconds.
Begin MonoManager ReloadAssembly
Native extension for WindowsStandalone target not found
Native extension for WebGL target not found
Refreshing native plugins compatible for Editor in 0.56 ms, found 3 plugins.
Preloading 0 native plugins for Editor in 0.00 ms.
Mono: successfully reloaded assembly
- Completed reload, in  1.926 seconds
Domain Reload Profiling:
	ReloadAssembly (1927ms)
		BeginReloadAssembly (453ms)
			ExecutionOrderSort (0ms)
			DisableScriptedObjects (7ms)
			BackupInstance (0ms)
			ReleaseScriptingObjects (0ms)
			CreateAndSetChildDomain (156ms)
		EndReloadAssembly (1331ms)
			LoadAssemblies (237ms)
			RebuildTransferFunctionScriptingTraits (0ms)
			SetupTypeCache (535ms)
			ReleaseScriptCaches (1ms)
			RebuildScriptCaches (50ms)
			SetupLoadedEditorAssemblies (495ms)
				LogAssemblyErrors (0ms)
				InitializePlatformSupportModulesInManaged (7ms)
				SetLoadedEditorAssemblies (1ms)
				RefreshPlugins (1ms)
				BeforeProcessingInitializeOnLoad (121ms)
				ProcessInitializeOnLoadAttributes (321ms)
				ProcessInitializeOnLoadMethodAttributes (29ms)
				AfterProcessingInitializeOnLoad (14ms)
				EditorAssembliesLoaded (0ms)
			ExecutionOrderSort2 (0ms)
			AwakeInstancesAfterBackupRestoration (22ms)
Platform modules already initialized, skipping
Refreshing native plugins compatible for Editor in 0.58 ms, found 3 plugins.
Preloading 0 native plugins for Editor in 0.00 ms.
Unloading 2217 Unused Serialized files (Serialized files now loaded: 0)
System memory in use before: 101.7 MB.
System memory in use after: 101.9 MB.

Unloading 17 unused Assets to reduce memory usage. Loaded Objects now: 2718.
Total: 5.118500 ms (FindLiveObjects: 0.498600 ms CreateObjectMapping: 0.264900 ms MarkObjects: 4.328200 ms  DeleteObjects: 0.025200 ms)

AssetImportParameters requested are different than current active one (requested -> active):
  custom:framework-win-MediaFoundation: 216162199b28c13a410421893ffa2e32 -> 
  custom:video-decoder-ogg-theora: a1e56fd34408186e4bbccfd4996cb3dc -> 
  custom:container-muxer-webm: aa71ff27fc2769a1b78a27578f13a17b -> 
  custom:container-demuxer-webm: 4f35f7cbe854078d1ac9338744f61a02 -> 
  custom:container-demuxer-ogg: 62fdf1f143b41e24485cea50d1cbac27 -> 
  custom:video-encoder-webm-vp8: eb34c28f22e8b96e1ab97ce403110664 -> 
  custom:video-decoder-webm-vp8: 9c59270c3fd7afecdb556c50c9e8de78 -> 
  custom:audio-decoder-ogg-vorbis: bf7c407c2cedff20999df2af8eb42d56 -> 
  custom:audio-encoder-webm-vorbis: bf7c407c2cedff20999df2af8eb42d56 -> 
========================================================================
Received Import Request.
  Time since last request: 164.692188 seconds.
  path: Assets/Sounds/EndingFanfare.mp3
  artifactKey: Guid(3b855f7dece0e0c44ac1acde9e29cf98) Importer(815301076,1909f56bfc062723c751e8b465ee728b)
Start importing Assets/Sounds/EndingFanfare.mp3 using Guid(3b855f7dece0e0c44ac1acde9e29cf98) Importer(815301076,1909f56bfc062723c751e8b465ee728b)  -> (artifact id: '564e295e891c25afa12eb55b2a0da189') in 0.073480 seconds 
  Import took 0.079917 seconds .

========================================================================
Received Prepare
Registering precompiled user dll's ...
Registered in 0.006664 seconds.
Begin MonoManager ReloadAssembly
Native extension for WindowsStandalone target not found
Native extension for WebGL target not found
Refreshing native plugins compatible for Editor in 0.96 ms, found 3 plugins.
Preloading 0 native plugins for Editor in 0.00 ms.
Mono: successfully reloaded assembly
- Completed reload, in  1.790 seconds
Domain Reload Profiling:
	ReloadAssembly (1790ms)
		BeginReloadAssembly (164ms)
			ExecutionOrderSort (0ms)
			DisableScriptedObjects (7ms)
			BackupInstance (0ms)
			ReleaseScriptingObjects (0ms)
			CreateAndSetChildDomain (50ms)
		EndReloadAssembly (1524ms)
			LoadAssemblies (151ms)
			RebuildTransferFunctionScriptingTraits (0ms)
			SetupTypeCache (507ms)
			ReleaseScriptCaches (2ms)
			RebuildScriptCaches (117ms)
			SetupLoadedEditorAssemblies (503ms)
				LogAssemblyErrors (0ms)
				InitializePlatformSupportModulesInManaged (12ms)
				SetLoadedEditorAssemblies (1ms)
				RefreshPlugins (1ms)
				BeforeProcessingInitializeOnLoad (152ms)
				ProcessInitializeOnLoadAttributes (313ms)
				ProcessInitializeOnLoadMethodAttributes (14ms)
				AfterProcessingInitializeOnLoad (11ms)
				EditorAssembliesLoaded (0ms)
			ExecutionOrderSort2 (0ms)
			AwakeInstancesAfterBackupRestoration (12ms)
Platform modules already initialized, skipping
Refreshing native plugins compatible for Editor in 0.74 ms, found 3 plugins.
Preloading 0 native plugins for Editor in 0.00 ms.
Unloading 2217 Unused Serialized files (Serialized files now loaded: 0)
System memory in use before: 101.8 MB.
System memory in use after: 102.0 MB.

Unloading 17 unused Assets to reduce memory usage. Loaded Objects now: 2721.
Total: 5.710300 ms (FindLiveObjects: 0.272800 ms CreateObjectMapping: 0.151800 ms MarkObjects: 5.244900 ms  DeleteObjects: 0.039100 ms)

AssetImportParameters requested are different than current active one (requested -> active):
  custom:framework-win-MediaFoundation: 216162199b28c13a410421893ffa2e32 -> 
  custom:video-decoder-ogg-theora: a1e56fd34408186e4bbccfd4996cb3dc -> 
  custom:container-muxer-webm: aa71ff27fc2769a1b78a27578f13a17b -> 
  custom:container-demuxer-webm: 4f35f7cbe854078d1ac9338744f61a02 -> 
  custom:container-demuxer-ogg: 62fdf1f143b41e24485cea50d1cbac27 -> 
  custom:video-encoder-webm-vp8: eb34c28f22e8b96e1ab97ce403110664 -> 
  custom:video-decoder-webm-vp8: 9c59270c3fd7afecdb556c50c9e8de78 -> 
  custom:audio-decoder-ogg-vorbis: bf7c407c2cedff20999df2af8eb42d56 -> 
  custom:audio-encoder-webm-vorbis: bf7c407c2cedff20999df2af8eb42d56 -> 
========================================================================
Received Prepare
Registering precompiled user dll's ...
Registered in 0.015994 seconds.
Begin MonoManager ReloadAssembly
Native extension for WindowsStandalone target not found
Native extension for WebGL target not found
Refreshing native plugins compatible for Editor in 0.59 ms, found 3 plugins.
Preloading 0 native plugins for Editor in 0.00 ms.
Mono: successfully reloaded assembly
- Completed reload, in  5.590 seconds
Domain Reload Profiling:
	ReloadAssembly (5591ms)
		BeginReloadAssembly (364ms)
			ExecutionOrderSort (0ms)
			DisableScriptedObjects (21ms)
			BackupInstance (0ms)
			ReleaseScriptingObjects (0ms)
			CreateAndSetChildDomain (120ms)
		EndReloadAssembly (5023ms)
			LoadAssemblies (343ms)
			RebuildTransferFunctionScriptingTraits (0ms)
			SetupTypeCache (2546ms)
			ReleaseScriptCaches (10ms)
			RebuildScriptCaches (646ms)
			SetupLoadedEditorAssemblies (740ms)
				LogAssemblyErrors (0ms)
				InitializePlatformSupportModulesInManaged (10ms)
				SetLoadedEditorAssemblies (1ms)
				RefreshPlugins (1ms)
				BeforeProcessingInitializeOnLoad (242ms)
				ProcessInitializeOnLoadAttributes (465ms)
				ProcessInitializeOnLoadMethodAttributes (12ms)
				AfterProcessingInitializeOnLoad (8ms)
				EditorAssembliesLoaded (0ms)
			ExecutionOrderSort2 (0ms)
			AwakeInstancesAfterBackupRestoration (13ms)
Platform modules already initialized, skipping
Refreshing native plugins compatible for Editor in 0.74 ms, found 3 plugins.
Preloading 0 native plugins for Editor in 0.00 ms.
Unloading 2217 Unused Serialized files (Serialized files now loaded: 0)
System memory in use before: 101.8 MB.
System memory in use after: 102.0 MB.

Unloading 17 unused Assets to reduce memory usage. Loaded Objects now: 2723.
Total: 5.697500 ms (FindLiveObjects: 0.409000 ms CreateObjectMapping: 0.169300 ms MarkObjects: 5.083600 ms  DeleteObjects: 0.033600 ms)

AssetImportParameters requested are different than current active one (requested -> active):
  custom:framework-win-MediaFoundation: 216162199b28c13a410421893ffa2e32 -> 
  custom:video-decoder-ogg-theora: a1e56fd34408186e4bbccfd4996cb3dc -> 
  custom:container-muxer-webm: aa71ff27fc2769a1b78a27578f13a17b -> 
  custom:container-demuxer-webm: 4f35f7cbe854078d1ac9338744f61a02 -> 
  custom:container-demuxer-ogg: 62fdf1f143b41e24485cea50d1cbac27 -> 
  custom:video-encoder-webm-vp8: eb34c28f22e8b96e1ab97ce403110664 -> 
  custom:video-decoder-webm-vp8: 9c59270c3fd7afecdb556c50c9e8de78 -> 
  custom:audio-decoder-ogg-vorbis: bf7c407c2cedff20999df2af8eb42d56 -> 
  custom:audio-encoder-webm-vorbis: bf7c407c2cedff20999df2af8eb42d56 -> 
========================================================================
Received Import Request.
  Time since last request: 110.148013 seconds.
  path: Assets/Prefabs/LevelBase.prefab
  artifactKey: Guid(b97f41c9df6106548b25a39905c30842) Importer(815301076,1909f56bfc062723c751e8b465ee728b)
Start importing Assets/Prefabs/LevelBase.prefab using Guid(b97f41c9df6106548b25a39905c30842) Importer(815301076,1909f56bfc062723c751e8b465ee728b)  -> (artifact id: '6e09ca0311bc75342eb927a8abc6ec90') in 0.500245 seconds 
  Import took 0.517205 seconds .

========================================================================
Received Import Request.
  Time since last request: 0.371025 seconds.
  path: Assets/Prefabs/Player.prefab
  artifactKey: Guid(407c22b1b88f469499de0df53d243de4) Importer(815301076,1909f56bfc062723c751e8b465ee728b)
Start importing Assets/Prefabs/Player.prefab using Guid(407c22b1b88f469499de0df53d243de4) Importer(815301076,1909f56bfc062723c751e8b465ee728b)  -> (artifact id: '5af406c72de5d0f0e18c119e1051f8cd') in 0.056169 seconds 
  Import took 0.065633 seconds .

========================================================================
Received Import Request.
  Time since last request: 15.398773 seconds.
  path: Assets/Prefabs/LevelBase.prefab
  artifactKey: Guid(b97f41c9df6106548b25a39905c30842) Importer(815301076,1909f56bfc062723c751e8b465ee728b)
Start importing Assets/Prefabs/LevelBase.prefab using Guid(b97f41c9df6106548b25a39905c30842) Importer(815301076,1909f56bfc062723c751e8b465ee728b)  -> (artifact id: '458b5fd8d64922fd724f42c876a2e09c') in 0.107158 seconds 
  Import took 0.120436 seconds .

========================================================================
Received Import Request.
  Time since last request: 0.000493 seconds.
  path: Assets/Prefabs/Player.prefab
  artifactKey: Guid(407c22b1b88f469499de0df53d243de4) Importer(815301076,1909f56bfc062723c751e8b465ee728b)
Start importing Assets/Prefabs/Player.prefab using Guid(407c22b1b88f469499de0df53d243de4) Importer(815301076,1909f56bfc062723c751e8b465ee728b)  -> (artifact id: 'baf47598ce619006e14a545739cc3e7a') in 0.071102 seconds 
  Import took 0.083875 seconds .

========================================================================
Received Prepare
Registering precompiled user dll's ...
Registered in 0.008847 seconds.
Begin MonoManager ReloadAssembly
Native extension for WindowsStandalone target not found
Native extension for WebGL target not found
Refreshing native plugins compatible for Editor in 0.60 ms, found 3 plugins.
Preloading 0 native plugins for Editor in 0.00 ms.
Mono: successfully reloaded assembly
- Completed reload, in  1.753 seconds
Domain Reload Profiling:
	ReloadAssembly (1754ms)
		BeginReloadAssembly (220ms)
			ExecutionOrderSort (0ms)
			DisableScriptedObjects (8ms)
			BackupInstance (0ms)
			ReleaseScriptingObjects (0ms)
			CreateAndSetChildDomain (62ms)
		EndReloadAssembly (1453ms)
			LoadAssemblies (162ms)
			RebuildTransferFunctionScriptingTraits (0ms)
			SetupTypeCache (525ms)
			ReleaseScriptCaches (1ms)
			RebuildScriptCaches (55ms)
			SetupLoadedEditorAssemblies (397ms)
				LogAssemblyErrors (0ms)
				InitializePlatformSupportModulesInManaged (9ms)
				SetLoadedEditorAssemblies (1ms)
				RefreshPlugins (1ms)
				BeforeProcessingInitializeOnLoad (121ms)
				ProcessInitializeOnLoadAttributes (245ms)
				ProcessInitializeOnLoadMethodAttributes (12ms)
				AfterProcessingInitializeOnLoad (8ms)
				EditorAssembliesLoaded (0ms)
			ExecutionOrderSort2 (0ms)
			AwakeInstancesAfterBackupRestoration (10ms)
Platform modules already initialized, skipping
Refreshing native plugins compatible for Editor in 0.57 ms, found 3 plugins.
Preloading 0 native plugins for Editor in 0.00 ms.
Unloading 2217 Unused Serialized files (Serialized files now loaded: 0)
System memory in use before: 101.8 MB.
System memory in use after: 102.0 MB.

Unloading 17 unused Assets to reduce memory usage. Loaded Objects now: 2726.
Total: 3.935300 ms (FindLiveObjects: 0.300000 ms CreateObjectMapping: 0.130800 ms MarkObjects: 3.479900 ms  DeleteObjects: 0.022700 ms)

AssetImportParameters requested are different than current active one (requested -> active):
  custom:framework-win-MediaFoundation: 216162199b28c13a410421893ffa2e32 -> 
  custom:video-decoder-ogg-theora: a1e56fd34408186e4bbccfd4996cb3dc -> 
  custom:container-muxer-webm: aa71ff27fc2769a1b78a27578f13a17b -> 
  custom:container-demuxer-webm: 4f35f7cbe854078d1ac9338744f61a02 -> 
  custom:container-demuxer-ogg: 62fdf1f143b41e24485cea50d1cbac27 -> 
  custom:video-encoder-webm-vp8: eb34c28f22e8b96e1ab97ce403110664 -> 
  custom:video-decoder-webm-vp8: 9c59270c3fd7afecdb556c50c9e8de78 -> 
  custom:audio-decoder-ogg-vorbis: bf7c407c2cedff20999df2af8eb42d56 -> 
  custom:audio-encoder-webm-vorbis: bf7c407c2cedff20999df2af8eb42d56 -> 
========================================================================
Received Prepare
Registering precompiled user dll's ...
Registered in 0.006797 seconds.
Begin MonoManager ReloadAssembly
Native extension for WindowsStandalone target not found
Native extension for WebGL target not found
Refreshing native plugins compatible for Editor in 1.86 ms, found 3 plugins.
Preloading 0 native plugins for Editor in 0.00 ms.
Mono: successfully reloaded assembly
- Completed reload, in  1.735 seconds
Domain Reload Profiling:
	ReloadAssembly (1735ms)
		BeginReloadAssembly (162ms)
			ExecutionOrderSort (0ms)
			DisableScriptedObjects (10ms)
			BackupInstance (0ms)
			ReleaseScriptingObjects (0ms)
			CreateAndSetChildDomain (43ms)
		EndReloadAssembly (1479ms)
			LoadAssemblies (138ms)
			RebuildTransferFunctionScriptingTraits (0ms)
			SetupTypeCache (554ms)
			ReleaseScriptCaches (2ms)
			RebuildScriptCaches (97ms)
			SetupLoadedEditorAssemblies (561ms)
				LogAssemblyErrors (0ms)
				InitializePlatformSupportModulesInManaged (20ms)
				SetLoadedEditorAssemblies (2ms)
				RefreshPlugins (2ms)
				BeforeProcessingInitializeOnLoad (235ms)
				ProcessInitializeOnLoadAttributes (282ms)
				ProcessInitializeOnLoadMethodAttributes (12ms)
				AfterProcessingInitializeOnLoad (7ms)
				EditorAssembliesLoaded (0ms)
			ExecutionOrderSort2 (0ms)
			AwakeInstancesAfterBackupRestoration (11ms)
Platform modules already initialized, skipping
Refreshing native plugins compatible for Editor in 1.45 ms, found 3 plugins.
Preloading 0 native plugins for Editor in 0.00 ms.
Unloading 2217 Unused Serialized files (Serialized files now loaded: 0)
System memory in use before: 101.8 MB.
System memory in use after: 102.0 MB.

Unloading 17 unused Assets to reduce memory usage. Loaded Objects now: 2728.
Total: 13.348700 ms (FindLiveObjects: 0.561000 ms CreateObjectMapping: 0.347100 ms MarkObjects: 12.378100 ms  DeleteObjects: 0.058500 ms)

AssetImportParameters requested are different than current active one (requested -> active):
  custom:framework-win-MediaFoundation: 216162199b28c13a410421893ffa2e32 -> 
  custom:video-decoder-ogg-theora: a1e56fd34408186e4bbccfd4996cb3dc -> 
  custom:container-muxer-webm: aa71ff27fc2769a1b78a27578f13a17b -> 
  custom:container-demuxer-webm: 4f35f7cbe854078d1ac9338744f61a02 -> 
  custom:container-demuxer-ogg: 62fdf1f143b41e24485cea50d1cbac27 -> 
  custom:video-encoder-webm-vp8: eb34c28f22e8b96e1ab97ce403110664 -> 
  custom:video-decoder-webm-vp8: 9c59270c3fd7afecdb556c50c9e8de78 -> 
  custom:audio-decoder-ogg-vorbis: bf7c407c2cedff20999df2af8eb42d56 -> 
  custom:audio-encoder-webm-vorbis: bf7c407c2cedff20999df2af8eb42d56 -> 
========================================================================
Received Import Request.
  Time since last request: 204.084151 seconds.
  path: Assets/Scenes/Credits.unity
  artifactKey: Guid(da5f1708606bed548b3523bf854caf16) Importer(815301076,1909f56bfc062723c751e8b465ee728b)
Start importing Assets/Scenes/Credits.unity using Guid(da5f1708606bed548b3523bf854caf16) Importer(815301076,1909f56bfc062723c751e8b465ee728b)  -> (artifact id: '488df0fdb2a8a07729b4d31bb0e4f1db') in 0.027929 seconds 
  Import took 0.033488 seconds .

========================================================================
Received Import Request.
  Time since last request: 4.994358 seconds.
  path: Assets/Scenes/DevEnv.unity
  artifactKey: Guid(2cda990e2423bbf4892e6590ba056729) Importer(815301076,1909f56bfc062723c751e8b465ee728b)
Start importing Assets/Scenes/DevEnv.unity using Guid(2cda990e2423bbf4892e6590ba056729) Importer(815301076,1909f56bfc062723c751e8b465ee728b)  -> (artifact id: '4a3b542267c08baa6168a23fa17030c5') in 0.010105 seconds 
  Import took 0.016194 seconds .

========================================================================
Received Import Request.
  Time since last request: 4.594878 seconds.
  path: Assets/Scenes/DigitalLogicTest.unity
  artifactKey: Guid(09296ea4966e0044991fa67e059b976c) Importer(815301076,1909f56bfc062723c751e8b465ee728b)
Start importing Assets/Scenes/DigitalLogicTest.unity using Guid(09296ea4966e0044991fa67e059b976c) Importer(815301076,1909f56bfc062723c751e8b465ee728b)  -> (artifact id: '81dd3ec93c8d44019f3e3df4e9d1f473') in 0.009863 seconds 
  Import took 0.017272 seconds .

========================================================================
Received Import Request.
  Time since last request: 2.090982 seconds.
  path: Assets/Scenes/Level_1.unity
  artifactKey: Guid(3286d04945fe5f24eaf2b008c77e6ce3) Importer(815301076,1909f56bfc062723c751e8b465ee728b)
Start importing Assets/Scenes/Level_1.unity using Guid(3286d04945fe5f24eaf2b008c77e6ce3) Importer(815301076,1909f56bfc062723c751e8b465ee728b)  -> (artifact id: '897501b60af5c1d1ced8c615c2535f4b') in 0.010778 seconds 
  Import took 0.017178 seconds .

========================================================================
Received Import Request.
  Time since last request: 1.892595 seconds.
  path: Assets/Scenes/Level_2.unity
  artifactKey: Guid(bb3e13acb11e0334f880f1b23f294a2d) Importer(815301076,1909f56bfc062723c751e8b465ee728b)
Start importing Assets/Scenes/Level_2.unity using Guid(bb3e13acb11e0334f880f1b23f294a2d) Importer(815301076,1909f56bfc062723c751e8b465ee728b)  -> (artifact id: '0eb146a22ad2e4ffd4a21b660c6e5c09') in 0.034805 seconds 
  Import took 0.055993 seconds .

========================================================================
Received Import Request.
  Time since last request: 2.567846 seconds.
  path: Assets/Scenes/Level_3.unity
  artifactKey: Guid(d4f1c135291938f4abf942a7f5e3ce29) Importer(815301076,1909f56bfc062723c751e8b465ee728b)
Start importing Assets/Scenes/Level_3.unity using Guid(d4f1c135291938f4abf942a7f5e3ce29) Importer(815301076,1909f56bfc062723c751e8b465ee728b)  -> (artifact id: 'c82a23568e4d1c823a1f9ac19cc3af43') in 0.013004 seconds 
  Import took 0.018224 seconds .

========================================================================
Received Import Request.
  Time since last request: 1.502818 seconds.
  path: Assets/Scenes/Level_4.unity
  artifactKey: Guid(00db069f84447e94a934c53c0042ac10) Importer(815301076,1909f56bfc062723c751e8b465ee728b)
Start importing Assets/Scenes/Level_4.unity using Guid(00db069f84447e94a934c53c0042ac10) Importer(815301076,1909f56bfc062723c751e8b465ee728b)  -> (artifact id: 'fb3129efa3d20c4378b1b7385c7a3aff') in 0.013351 seconds 
  Import took 0.019406 seconds .

========================================================================
Received Import Request.
  Time since last request: 0.871792 seconds.
  path: Assets/Scenes/Level_5.unity
  artifactKey: Guid(eeb9fd039cc30f84b8fcb6027a14b023) Importer(815301076,1909f56bfc062723c751e8b465ee728b)
Start importing Assets/Scenes/Level_5.unity using Guid(eeb9fd039cc30f84b8fcb6027a14b023) Importer(815301076,1909f56bfc062723c751e8b465ee728b)  -> (artifact id: 'b6d88c3f3e1428f51d449a0b40a6328c') in 0.013673 seconds 
  Import took 0.020458 seconds .

========================================================================
Received Import Request.
  Time since last request: 1.107790 seconds.
  path: Assets/Scenes/Level_6.unity
  artifactKey: Guid(e3f049a231f74e2499a69407d98c13d7) Importer(815301076,1909f56bfc062723c751e8b465ee728b)
Start importing Assets/Scenes/Level_6.unity using Guid(e3f049a231f74e2499a69407d98c13d7) Importer(815301076,1909f56bfc062723c751e8b465ee728b)  -> (artifact id: '176ebefb5e4f0e1b14ff309d247cca8d') in 0.013001 seconds 
  Import took 0.021430 seconds .

========================================================================
Received Import Request.
  Time since last request: 0.711576 seconds.
  path: Assets/Scenes/Level_7.unity
  artifactKey: Guid(cc6900245f861d54680e43a277d3774d) Importer(815301076,1909f56bfc062723c751e8b465ee728b)
Start importing Assets/Scenes/Level_7.unity using Guid(cc6900245f861d54680e43a277d3774d) Importer(815301076,1909f56bfc062723c751e8b465ee728b)  -> (artifact id: '5fc3e85444a6e92a3fc9f4d17e062a8c') in 0.008680 seconds 
  Import took 0.016345 seconds .

========================================================================
Received Import Request.
  Time since last request: 1.269339 seconds.
  path: Assets/Scenes/Level_8a.unity
  artifactKey: Guid(61f3cd51cd16b344083cfc3862b865e4) Importer(815301076,1909f56bfc062723c751e8b465ee728b)
Start importing Assets/Scenes/Level_8a.unity using Guid(61f3cd51cd16b344083cfc3862b865e4) Importer(815301076,1909f56bfc062723c751e8b465ee728b)  -> (artifact id: 'cefa8529b983ad298e086244ac36febd') in 0.041525 seconds 
  Import took 0.060083 seconds .

========================================================================
Received Import Request.
  Time since last request: 0.855631 seconds.
  path: Assets/Scenes/Level_9.unity
  artifactKey: Guid(119fb9999c7795f42ac687dcbe55f99e) Importer(815301076,1909f56bfc062723c751e8b465ee728b)
Start importing Assets/Scenes/Level_9.unity using Guid(119fb9999c7795f42ac687dcbe55f99e) Importer(815301076,1909f56bfc062723c751e8b465ee728b)  -> (artifact id: 'c97108801d91da114de8ac455a858537') in 0.016206 seconds 
  Import took 0.022196 seconds .

========================================================================
Received Import Request.
  Time since last request: 0.952916 seconds.
  path: Assets/Scenes/Level_10.unity
  artifactKey: Guid(2264e9d4b3ef75346b0ef364fa5aa640) Importer(815301076,1909f56bfc062723c751e8b465ee728b)
Start importing Assets/Scenes/Level_10.unity using Guid(2264e9d4b3ef75346b0ef364fa5aa640) Importer(815301076,1909f56bfc062723c751e8b465ee728b)  -> (artifact id: 'dcc490036e43ef876e08f271dc54b128') in 0.042694 seconds 
  Import took 0.080047 seconds .

========================================================================
Received Import Request.
  Time since last request: 2.323343 seconds.
  path: Assets/Scenes/MainMenu.unity
  artifactKey: Guid(9adc6996ae1ddf0419348bbc610d4c16) Importer(815301076,1909f56bfc062723c751e8b465ee728b)
Start importing Assets/Scenes/MainMenu.unity using Guid(9adc6996ae1ddf0419348bbc610d4c16) Importer(815301076,1909f56bfc062723c751e8b465ee728b)  -> (artifact id: '5b2ac30bdf52d4d043c887b4f8957ee2') in 0.039754 seconds 
  Import took 0.058439 seconds .

AssetImportWorkerClient::OnTransportError - code=2 error=End of file
